2025-06-20T10:54:59.525923Z  INFO telemetry: job_telemetry_init artifact_type=installed branch=origin/adac75962930155e747d4911e0ed9de487322c89 ci_number=20250523.1 ci_name=CommonRuntime-RuntimeTeam-Linux-Prod-Build build_time=2025-05-23 10:44:46.914500
2025-06-20T10:54:59.526069Z  INFO load_config_from_env: lifecycler::config: Resolved grpc addresses lifecycler_address=/tmp/azureml/cr/j/e9d886e20cea42ba8de35e0e0943c7a7/.grpc/lifecycler:0 executor_address=/tmp/azureml/cr/j/e9d886e20cea42ba8de35e0e0943c7a7/.grpc/executor:0
2025-06-20T10:54:59.526215Z  INFO load_config_from_env:load_capability_addresses_from_env{capability_endpoints_from_config={"CS_CAPABILITY": CapabilityEndpoint { name: "CS_CAPABILITY", address: "/tmp/azureml/cr/j/e9d886e20cea42ba8de35e0e0943c7a7/.grpc/cs-capability:0", type: Service }, "DATA_CAPABILITY": CapabilityEndpoint { name: "DATA_CAPABILITY", address: "/tmp/azureml/cr/j/e9d886e20cea42ba8de35e0e0943c7a7/.grpc/data-capability:0", type: Service }, "HOSTTOOLS_CAPABILITY": CapabilityEndpoint { name: "HOSTTOOLS_CAPABILITY", address: "/tmp/azureml/cr/j/e9d886e20cea42ba8de35e0e0943c7a7/.grpc/hosttools-capability:0", type: Service }, "SNAPSHOT_CAPABILITY": CapabilityEndpoint { name: "SNAPSHOT_CAPABILITY", address: "/tmp/azureml/cr/j/e9d886e20cea42ba8de35e0e0943c7a7/.grpc/snapshot-capability:0", type: Service }}}: lifecycler::config: close time.busy=101µs time.idle=11.4µs
2025-06-20T10:54:59.526238Z  INFO load_config_from_env: lifecycler::config: close time.busy=271µs time.idle=10.9µs
2025-06-20T10:54:59.526252Z  WARN run_lifecycler: telemetry::otel::extractors::environment: Failed to set_context_from_env, env var `traceparent` is missing.
2025-06-20T10:54:59.526272Z  WARN run_lifecycler:run_service_and_step_through_lifecycle: cr_core::config: remote grpc is not specified, nullifying remote grpc address distributed_config=DistributedConfig { rank: EnvName("VK_TASK_INDEX"), host_list: [], remote_grpc: None, batch_leader_port: Some(6105), is_distributed_parallel_task: None, disable_fatal_ongoing_ssh_check_failure: false }
2025-06-20T10:54:59.526289Z  INFO run_lifecycler:run_service_and_step_through_lifecycle: lifecycler::lifecycle: setup distributed training for node distributed_config=DistributedConfig { rank: EnvName("VK_TASK_INDEX"), host_list: [], remote_grpc: None, batch_leader_port: Some(6105), is_distributed_parallel_task: None, disable_fatal_ongoing_ssh_check_failure: false } coordination_needed=false
2025-06-20T10:54:59.526300Z  INFO run_lifecycler:run_service_and_step_through_lifecycle: lifecycler::lifecycle: coordination is not needed, skip setting up distributed barrier distributed_config=DistributedConfig { rank: EnvName("VK_TASK_INDEX"), host_list: [], remote_grpc: None, batch_leader_port: Some(6105), is_distributed_parallel_task: None, disable_fatal_ongoing_ssh_check_failure: false } coordination_needed=false
2025-06-20T10:54:59.526324Z  INFO run_lifecycler:run_service_and_step_through_lifecycle: lifecycler::lifecycle: Trying to configure lifecycler to handle termination signals
2025-06-20T10:54:59.526344Z  INFO run_lifecycler:run_service_and_step_through_lifecycle: lifecycler::lifecycle: Successfully configured lifecycler to handle termination signals with abort lifecycler
2025-06-20T10:54:59.526391Z  INFO Lifecycler::run_service{lifecycler_abort_state_writer=Some(LifecyclerAbortStateWriter { lifecycler_wd: "/tmp/azureml/cr/j/e9d886e20cea42ba8de35e0e0943c7a7/cap/lifecycler/wd" })}: lifecycler::service: serving lifecycle service address=/tmp/azureml/cr/j/e9d886e20cea42ba8de35e0e0943c7a7/.grpc/lifecycler:0
2025-06-20T10:54:59.526434Z  INFO run_lifecycler:run_service_and_step_through_lifecycle:step_through_lifecycle:connect_capabilities:connect: grpc_utils::endpoint::connect: Connecting to gRPC service endpoint=Uds("/tmp/azureml/cr/j/e9d886e20cea42ba8de35e0e0943c7a7/.grpc/cs-capability:0") retry=FixedIntervalRetry { attempt_timeout_millis: 50, retry_delay_millis: 10, max_duration: 7200s }
2025-06-20T10:54:59.526522Z  INFO Lifecycler::run_service{lifecycler_abort_state_writer=Some(LifecyclerAbortStateWriter { lifecycler_wd: "/tmp/azureml/cr/j/e9d886e20cea42ba8de35e0e0943c7a7/cap/lifecycler/wd" })}:serve_more: grpc_utils::endpoint::serve: serving gRPC service endpoint=Uds("/tmp/azureml/cr/j/e9d886e20cea42ba8de35e0e0943c7a7/.grpc/lifecycler:0") retry=ExponentialBackoffRetry { retry_delay_secs: 2, delay_factor: 1000, num_retries: 3 }
2025-06-20T10:55:03.419657Z  INFO run_lifecycler:run_service_and_step_through_lifecycle:step_through_lifecycle:connect_capabilities:connect: grpc_utils::endpoint::connect: Successfully connected to gRPC service endpoint=Uds("/tmp/azureml/cr/j/e9d886e20cea42ba8de35e0e0943c7a7/.grpc/cs-capability:0")
2025-06-20T10:55:03.419702Z  INFO run_lifecycler:run_service_and_step_through_lifecycle:step_through_lifecycle:connect_capabilities:connect: grpc_utils::endpoint::connect: close time.busy=283ms time.idle=3.61s
2025-06-20T10:55:03.419781Z  INFO run_lifecycler:run_service_and_step_through_lifecycle:step_through_lifecycle:connect_capabilities:connect: grpc_utils::endpoint::connect: Connecting to gRPC service endpoint=Uds("/tmp/azureml/cr/j/e9d886e20cea42ba8de35e0e0943c7a7/.grpc/cs-capability:0") retry=FixedIntervalRetry { attempt_timeout_millis: 50, retry_delay_millis: 10, max_duration: 7200s }
2025-06-20T10:55:03.419902Z  INFO run_lifecycler:run_service_and_step_through_lifecycle:step_through_lifecycle:connect_capabilities:connect: grpc_utils::endpoint::connect: Successfully connected to gRPC service endpoint=Uds("/tmp/azureml/cr/j/e9d886e20cea42ba8de35e0e0943c7a7/.grpc/cs-capability:0")
2025-06-20T10:55:03.419916Z  INFO run_lifecycler:run_service_and_step_through_lifecycle:step_through_lifecycle:connect_capabilities:connect: grpc_utils::endpoint::connect: close time.busy=77.3µs time.idle=63.0µs
2025-06-20T10:55:03.419931Z  INFO run_lifecycler:run_service_and_step_through_lifecycle:step_through_lifecycle:connect_capabilities:wait_for_service_healthy: lifecycler::health_monitor: Waiting for service to become healthy: CS_CAPABILITY service_name=CS_CAPABILITY timeout=30s
2025-06-20T10:55:03.419947Z  WARN run_lifecycler:run_service_and_step_through_lifecycle:step_through_lifecycle:connect_capabilities:wait_for_service_healthy: grpc_utils::span: failed to inject span context to grpc request
2025-06-20T10:55:03.422031Z  INFO run_lifecycler:run_service_and_step_through_lifecycle:step_through_lifecycle:connect_capabilities:wait_for_service_healthy: lifecycler::health_client: Health status for service: CS_CAPABILITY service_name=CS_CAPABILITY health_status=1
2025-06-20T10:55:03.422057Z  INFO run_lifecycler:run_service_and_step_through_lifecycle:step_through_lifecycle:connect_capabilities:wait_for_service_healthy: lifecycler::health_monitor: Service has become healthy service_name=CS_CAPABILITY
2025-06-20T10:55:03.422068Z  INFO run_lifecycler:run_service_and_step_through_lifecycle:step_through_lifecycle:connect_capabilities:wait_for_service_healthy: lifecycler::health_monitor: close time.busy=125µs time.idle=2.01ms
2025-06-20T10:55:03.422126Z  INFO run_lifecycler:run_service_and_step_through_lifecycle:step_through_lifecycle:connect_capabilities:connect: grpc_utils::endpoint::connect: Connecting to gRPC service endpoint=Uds("/tmp/azureml/cr/j/e9d886e20cea42ba8de35e0e0943c7a7/.grpc/data-capability:0") retry=FixedIntervalRetry { attempt_timeout_millis: 50, retry_delay_millis: 10, max_duration: 7200s }
2025-06-20T10:55:03.422272Z  INFO run_lifecycler:run_service_and_step_through_lifecycle:step_through_lifecycle:connect_capabilities:connect: grpc_utils::endpoint::connect: Successfully connected to gRPC service endpoint=Uds("/tmp/azureml/cr/j/e9d886e20cea42ba8de35e0e0943c7a7/.grpc/data-capability:0")
2025-06-20T10:55:03.422289Z  INFO run_lifecycler:run_service_and_step_through_lifecycle:step_through_lifecycle:connect_capabilities:connect: grpc_utils::endpoint::connect: close time.busy=113µs time.idle=52.6µs
2025-06-20T10:55:03.422345Z  INFO run_lifecycler:run_service_and_step_through_lifecycle:step_through_lifecycle:connect_capabilities:connect: grpc_utils::endpoint::connect: Connecting to gRPC service endpoint=Uds("/tmp/azureml/cr/j/e9d886e20cea42ba8de35e0e0943c7a7/.grpc/data-capability:0") retry=FixedIntervalRetry { attempt_timeout_millis: 50, retry_delay_millis: 10, max_duration: 7200s }
2025-06-20T10:55:03.422458Z  INFO run_lifecycler:run_service_and_step_through_lifecycle:step_through_lifecycle:connect_capabilities:connect: grpc_utils::endpoint::connect: Successfully connected to gRPC service endpoint=Uds("/tmp/azureml/cr/j/e9d886e20cea42ba8de35e0e0943c7a7/.grpc/data-capability:0")
2025-06-20T10:55:03.422474Z  INFO run_lifecycler:run_service_and_step_through_lifecycle:step_through_lifecycle:connect_capabilities:connect: grpc_utils::endpoint::connect: close time.busy=80.0µs time.idle=51.1µs
2025-06-20T10:55:03.422483Z  INFO run_lifecycler:run_service_and_step_through_lifecycle:step_through_lifecycle:connect_capabilities:wait_for_service_healthy: lifecycler::health_monitor: Waiting for service to become healthy: DATA_CAPABILITY service_name=DATA_CAPABILITY timeout=30s
2025-06-20T10:55:03.422495Z  WARN run_lifecycler:run_service_and_step_through_lifecycle:step_through_lifecycle:connect_capabilities:wait_for_service_healthy: grpc_utils::span: failed to inject span context to grpc request
2025-06-20T10:55:03.424780Z  INFO run_lifecycler:run_service_and_step_through_lifecycle:step_through_lifecycle:connect_capabilities:wait_for_service_healthy: lifecycler::health_client: Health status for service: DATA_CAPABILITY service_name=DATA_CAPABILITY health_status=1
2025-06-20T10:55:03.424804Z  INFO run_lifecycler:run_service_and_step_through_lifecycle:step_through_lifecycle:connect_capabilities:wait_for_service_healthy: lifecycler::health_monitor: Service has become healthy service_name=DATA_CAPABILITY
2025-06-20T10:55:03.424813Z  INFO run_lifecycler:run_service_and_step_through_lifecycle:step_through_lifecycle:connect_capabilities:wait_for_service_healthy: lifecycler::health_monitor: close time.busy=91.8µs time.idle=2.24ms
2025-06-20T10:55:03.424862Z  INFO run_lifecycler:run_service_and_step_through_lifecycle:step_through_lifecycle:connect_capabilities:connect: grpc_utils::endpoint::connect: Connecting to gRPC service endpoint=Uds("/tmp/azureml/cr/j/e9d886e20cea42ba8de35e0e0943c7a7/.grpc/hosttools-capability:0") retry=FixedIntervalRetry { attempt_timeout_millis: 50, retry_delay_millis: 10, max_duration: 7200s }
2025-06-20T10:55:03.829544Z  INFO run_lifecycler:run_service_and_step_through_lifecycle:step_through_lifecycle:connect_capabilities:connect: grpc_utils::endpoint::connect: Successfully connected to gRPC service endpoint=Uds("/tmp/azureml/cr/j/e9d886e20cea42ba8de35e0e0943c7a7/.grpc/hosttools-capability:0")
2025-06-20T10:55:03.829584Z  INFO run_lifecycler:run_service_and_step_through_lifecycle:step_through_lifecycle:connect_capabilities:connect: grpc_utils::endpoint::connect: close time.busy=62.4ms time.idle=342ms
2025-06-20T10:55:03.829674Z  INFO run_lifecycler:run_service_and_step_through_lifecycle:step_through_lifecycle:connect_capabilities:connect: grpc_utils::endpoint::connect: Connecting to gRPC service endpoint=Uds("/tmp/azureml/cr/j/e9d886e20cea42ba8de35e0e0943c7a7/.grpc/hosttools-capability:0") retry=FixedIntervalRetry { attempt_timeout_millis: 50, retry_delay_millis: 10, max_duration: 7200s }
2025-06-20T10:55:03.829789Z  INFO run_lifecycler:run_service_and_step_through_lifecycle:step_through_lifecycle:connect_capabilities:connect: grpc_utils::endpoint::connect: Successfully connected to gRPC service endpoint=Uds("/tmp/azureml/cr/j/e9d886e20cea42ba8de35e0e0943c7a7/.grpc/hosttools-capability:0")
2025-06-20T10:55:03.829804Z  INFO run_lifecycler:run_service_and_step_through_lifecycle:step_through_lifecycle:connect_capabilities:connect: grpc_utils::endpoint::connect: close time.busy=84.6µs time.idle=50.2µs
2025-06-20T10:55:03.829818Z  INFO run_lifecycler:run_service_and_step_through_lifecycle:step_through_lifecycle:connect_capabilities:wait_for_service_healthy: lifecycler::health_monitor: Waiting for service to become healthy: HOSTTOOLS_CAPABILITY service_name=HOSTTOOLS_CAPABILITY timeout=30s
2025-06-20T10:55:03.829840Z  WARN run_lifecycler:run_service_and_step_through_lifecycle:step_through_lifecycle:connect_capabilities:wait_for_service_healthy: grpc_utils::span: failed to inject span context to grpc request
2025-06-20T10:55:03.830179Z  INFO run_lifecycler:run_service_and_step_through_lifecycle:step_through_lifecycle:connect_capabilities:wait_for_service_healthy: lifecycler::health_client: Health status for service: HOSTTOOLS_CAPABILITY service_name=HOSTTOOLS_CAPABILITY health_status=1
2025-06-20T10:55:03.830195Z  INFO run_lifecycler:run_service_and_step_through_lifecycle:step_through_lifecycle:connect_capabilities:wait_for_service_healthy: lifecycler::health_monitor: Service has become healthy service_name=HOSTTOOLS_CAPABILITY
2025-06-20T10:55:03.830204Z  INFO run_lifecycler:run_service_and_step_through_lifecycle:step_through_lifecycle:connect_capabilities:wait_for_service_healthy: lifecycler::health_monitor: close time.busy=88.8µs time.idle=300µs
2025-06-20T10:55:03.830250Z  INFO run_lifecycler:run_service_and_step_through_lifecycle:step_through_lifecycle:connect_capabilities:connect: grpc_utils::endpoint::connect: Connecting to gRPC service endpoint=Uds("/tmp/azureml/cr/j/e9d886e20cea42ba8de35e0e0943c7a7/.grpc/snapshot-capability:0") retry=FixedIntervalRetry { attempt_timeout_millis: 50, retry_delay_millis: 10, max_duration: 7200s }
2025-06-20T10:55:03.830342Z  INFO run_lifecycler:run_service_and_step_through_lifecycle:step_through_lifecycle:connect_capabilities:connect: grpc_utils::endpoint::connect: Successfully connected to gRPC service endpoint=Uds("/tmp/azureml/cr/j/e9d886e20cea42ba8de35e0e0943c7a7/.grpc/snapshot-capability:0")
2025-06-20T10:55:03.830360Z  INFO run_lifecycler:run_service_and_step_through_lifecycle:step_through_lifecycle:connect_capabilities:connect: grpc_utils::endpoint::connect: close time.busy=82.8µs time.idle=28.6µs
2025-06-20T10:55:03.830401Z  INFO run_lifecycler:run_service_and_step_through_lifecycle:step_through_lifecycle:connect_capabilities:connect: grpc_utils::endpoint::connect: Connecting to gRPC service endpoint=Uds("/tmp/azureml/cr/j/e9d886e20cea42ba8de35e0e0943c7a7/.grpc/snapshot-capability:0") retry=FixedIntervalRetry { attempt_timeout_millis: 50, retry_delay_millis: 10, max_duration: 7200s }
2025-06-20T10:55:03.830488Z  INFO run_lifecycler:run_service_and_step_through_lifecycle:step_through_lifecycle:connect_capabilities:connect: grpc_utils::endpoint::connect: Successfully connected to gRPC service endpoint=Uds("/tmp/azureml/cr/j/e9d886e20cea42ba8de35e0e0943c7a7/.grpc/snapshot-capability:0")
2025-06-20T10:55:03.830506Z  INFO run_lifecycler:run_service_and_step_through_lifecycle:step_through_lifecycle:connect_capabilities:connect: grpc_utils::endpoint::connect: close time.busy=78.9µs time.idle=27.1µs
2025-06-20T10:55:03.830516Z  INFO run_lifecycler:run_service_and_step_through_lifecycle:step_through_lifecycle:connect_capabilities:wait_for_service_healthy: lifecycler::health_monitor: Waiting for service to become healthy: SNAPSHOT_CAPABILITY service_name=SNAPSHOT_CAPABILITY timeout=30s
2025-06-20T10:55:03.830529Z  WARN run_lifecycler:run_service_and_step_through_lifecycle:step_through_lifecycle:connect_capabilities:wait_for_service_healthy: grpc_utils::span: failed to inject span context to grpc request
2025-06-20T10:55:03.830807Z  INFO run_lifecycler:run_service_and_step_through_lifecycle:step_through_lifecycle:connect_capabilities:wait_for_service_healthy: lifecycler::health_client: Health status for service: SNAPSHOT_CAPABILITY service_name=SNAPSHOT_CAPABILITY health_status=1
2025-06-20T10:55:03.830822Z  INFO run_lifecycler:run_service_and_step_through_lifecycle:step_through_lifecycle:connect_capabilities:wait_for_service_healthy: lifecycler::health_monitor: Service has become healthy service_name=SNAPSHOT_CAPABILITY
2025-06-20T10:55:03.830830Z  INFO run_lifecycler:run_service_and_step_through_lifecycle:step_through_lifecycle:connect_capabilities:wait_for_service_healthy: lifecycler::health_monitor: close time.busy=64.2µs time.idle=251µs
2025-06-20T10:55:03.830836Z  INFO run_lifecycler:run_service_and_step_through_lifecycle:step_through_lifecycle:connect_capabilities: lifecycler::lifecycle: close time.busy=347ms time.idle=3.96s
2025-06-20T10:55:03.830849Z  WARN grpc_utils::span: failed to inject span context to grpc request
2025-06-20T10:55:03.830853Z  WARN run_lifecycler:run_service_and_step_through_lifecycle:step_through_lifecycle:start_capabilities:start{name="CS_CAPABILITY"}: grpc_utils::span: failed to inject span context to grpc request
2025-06-20T10:55:03.830871Z  WARN run_lifecycler:run_service_and_step_through_lifecycle:step_through_lifecycle:start_capabilities:start{name="DATA_CAPABILITY"}: grpc_utils::span: failed to inject span context to grpc request
2025-06-20T10:55:03.830873Z  WARN grpc_utils::span: failed to inject span context to grpc request
2025-06-20T10:55:03.830889Z  WARN grpc_utils::span: failed to inject span context to grpc request
2025-06-20T10:55:03.830898Z  WARN run_lifecycler:run_service_and_step_through_lifecycle:step_through_lifecycle:start_capabilities:start{name="HOSTTOOLS_CAPABILITY"}: grpc_utils::span: failed to inject span context to grpc request
2025-06-20T10:55:03.830916Z  WARN grpc_utils::span: failed to inject span context to grpc request
2025-06-20T10:55:03.830919Z  WARN run_lifecycler:run_service_and_step_through_lifecycle:step_through_lifecycle:start_capabilities:start{name="SNAPSHOT_CAPABILITY"}: grpc_utils::span: failed to inject span context to grpc request
2025-06-20T10:55:03.831165Z  INFO run_lifecycler:run_service_and_step_through_lifecycle:step_through_lifecycle:start_capabilities:start{name="HOSTTOOLS_CAPABILITY"}: lifecycler::capability_client: Received success code for start cap_name=HOSTTOOLS_CAPABILITY
2025-06-20T10:55:03.831182Z  INFO run_lifecycler:run_service_and_step_through_lifecycle:step_through_lifecycle:start_capabilities:start{name="HOSTTOOLS_CAPABILITY"}: lifecycler::capability_client: close time.busy=49.9µs time.idle=235µs
2025-06-20T10:55:03.903752Z  INFO run_lifecycler:run_service_and_step_through_lifecycle:step_through_lifecycle:start_capabilities:start{name="CS_CAPABILITY"}: lifecycler::capability_client: Received success code for start cap_name=CS_CAPABILITY
2025-06-20T10:55:03.903819Z  INFO run_lifecycler:run_service_and_step_through_lifecycle:step_through_lifecycle:start_capabilities:start{name="CS_CAPABILITY"}: lifecycler::capability_client: close time.busy=147µs time.idle=72.8ms
2025-06-20T10:55:11.522772Z  INFO run_lifecycler:run_service_and_step_through_lifecycle:step_through_lifecycle:start_capabilities:start{name="SNAPSHOT_CAPABILITY"}: lifecycler::capability_client: Received success code for start cap_name=SNAPSHOT_CAPABILITY
2025-06-20T10:55:11.522825Z  INFO run_lifecycler:run_service_and_step_through_lifecycle:step_through_lifecycle:start_capabilities:start{name="SNAPSHOT_CAPABILITY"}: lifecycler::capability_client: close time.busy=196µs time.idle=7.69s
2025-06-20T10:55:13.583607Z  INFO run_lifecycler:run_service_and_step_through_lifecycle:step_through_lifecycle:start_capabilities:start{name="DATA_CAPABILITY"}: lifecycler::capability_client: Received success code for start cap_name=DATA_CAPABILITY
2025-06-20T10:55:13.583678Z  INFO run_lifecycler:run_service_and_step_through_lifecycle:step_through_lifecycle:start_capabilities:start{name="DATA_CAPABILITY"}: lifecycler::capability_client: close time.busy=198µs time.idle=9.75s
2025-06-20T10:55:13.583706Z  INFO run_lifecycler:run_service_and_step_through_lifecycle:step_through_lifecycle:start_capabilities: lifecycler::lifecycle: close time.busy=677µs time.idle=9.75s
2025-06-20T10:55:13.583740Z  INFO run_lifecycler:run_service_and_step_through_lifecycle:step_through_lifecycle:exit_capabilities{cap_type=Operation job_result=JobResult { job_status: Succeeded, error: None }}: lifecycler::lifecycle: close time.busy=2.71µs time.idle=7.84µs
2025-06-20T10:55:13.583754Z  INFO run_lifecycler:run_service_and_step_through_lifecycle:step_through_lifecycle: lifecycler::lifecycle: exited operation caps: true
2025-06-20T10:55:13.583854Z  INFO run_lifecycler:run_service_and_step_through_lifecycle:step_through_lifecycle:connect_executor:connect:connect: grpc_utils::endpoint::connect: Connecting to gRPC service endpoint=Uds("/tmp/azureml/cr/j/e9d886e20cea42ba8de35e0e0943c7a7/.grpc/executor:0") retry=FixedIntervalRetry { attempt_timeout_millis: 50, retry_delay_millis: 10, max_duration: 7200s }
2025-06-20T10:55:13.584040Z  INFO run_lifecycler:run_service_and_step_through_lifecycle:step_through_lifecycle:connect_executor:connect:connect: grpc_utils::endpoint::connect: Successfully connected to gRPC service endpoint=Uds("/tmp/azureml/cr/j/e9d886e20cea42ba8de35e0e0943c7a7/.grpc/executor:0")
2025-06-20T10:55:13.584062Z  INFO run_lifecycler:run_service_and_step_through_lifecycle:step_through_lifecycle:connect_executor:connect:connect: grpc_utils::endpoint::connect: close time.busy=163µs time.idle=46.3µs
2025-06-20T10:55:13.584069Z  INFO run_lifecycler:run_service_and_step_through_lifecycle:step_through_lifecycle:connect_executor:connect: lifecycler::executor_client: close time.busy=241µs time.idle=45.3µs
2025-06-20T10:55:13.584130Z  INFO run_lifecycler:run_service_and_step_through_lifecycle:step_through_lifecycle:connect_executor:connect:connect: grpc_utils::endpoint::connect: Connecting to gRPC service endpoint=Uds("/tmp/azureml/cr/j/e9d886e20cea42ba8de35e0e0943c7a7/.grpc/executor:0") retry=FixedIntervalRetry { attempt_timeout_millis: 50, retry_delay_millis: 10, max_duration: 7200s }
2025-06-20T10:55:13.584271Z  INFO run_lifecycler:run_service_and_step_through_lifecycle:step_through_lifecycle:connect_executor:connect:connect: grpc_utils::endpoint::connect: Successfully connected to gRPC service endpoint=Uds("/tmp/azureml/cr/j/e9d886e20cea42ba8de35e0e0943c7a7/.grpc/executor:0")
2025-06-20T10:55:13.584298Z  INFO run_lifecycler:run_service_and_step_through_lifecycle:step_through_lifecycle:connect_executor:connect:connect: grpc_utils::endpoint::connect: close time.busy=87.9µs time.idle=81.5µs
2025-06-20T10:55:13.584308Z  INFO run_lifecycler:run_service_and_step_through_lifecycle:step_through_lifecycle:connect_executor:connect: lifecycler::executor_client: close time.busy=139µs time.idle=81.3µs
2025-06-20T10:55:13.584353Z  INFO run_lifecycler:run_service_and_step_through_lifecycle:step_through_lifecycle:connect_executor:connect: grpc_utils::endpoint::connect: Connecting to gRPC service endpoint=Uds("/tmp/azureml/cr/j/e9d886e20cea42ba8de35e0e0943c7a7/.grpc/executor:0") retry=FixedIntervalRetry { attempt_timeout_millis: 50, retry_delay_millis: 10, max_duration: 7200s }
2025-06-20T10:55:13.584466Z  INFO run_lifecycler:run_service_and_step_through_lifecycle:step_through_lifecycle:connect_executor:connect: grpc_utils::endpoint::connect: Successfully connected to gRPC service endpoint=Uds("/tmp/azureml/cr/j/e9d886e20cea42ba8de35e0e0943c7a7/.grpc/executor:0")
2025-06-20T10:55:13.584484Z  INFO run_lifecycler:run_service_and_step_through_lifecycle:step_through_lifecycle:connect_executor:connect: grpc_utils::endpoint::connect: close time.busy=81.6µs time.idle=51.4µs
2025-06-20T10:55:13.584496Z  INFO run_lifecycler:run_service_and_step_through_lifecycle:step_through_lifecycle:connect_executor:wait_for_service_healthy: lifecycler::health_monitor: Waiting for service to become healthy: Executor service_name=Executor timeout=30s
2025-06-20T10:55:13.584517Z  WARN run_lifecycler:run_service_and_step_through_lifecycle:step_through_lifecycle:connect_executor:wait_for_service_healthy: grpc_utils::span: failed to inject span context to grpc request
2025-06-20T10:55:13.584904Z  INFO run_lifecycler:run_service_and_step_through_lifecycle:step_through_lifecycle:connect_executor:wait_for_service_healthy: lifecycler::health_client: Health status for service: Executor service_name=Executor health_status=1
2025-06-20T10:55:13.584922Z  INFO run_lifecycler:run_service_and_step_through_lifecycle:step_through_lifecycle:connect_executor:wait_for_service_healthy: lifecycler::health_monitor: Service has become healthy service_name=Executor
2025-06-20T10:55:13.584939Z  INFO run_lifecycler:run_service_and_step_through_lifecycle:step_through_lifecycle:connect_executor:wait_for_service_healthy: lifecycler::health_monitor: close time.busy=119µs time.idle=326µs
2025-06-20T10:55:13.584951Z  INFO run_lifecycler:run_service_and_step_through_lifecycle:step_through_lifecycle:connect_executor: lifecycler::lifecycle: close time.busy=669µs time.idle=511µs
2025-06-20T10:55:13.584959Z  INFO run_lifecycler:run_service_and_step_through_lifecycle:step_through_lifecycle:connect_lifecyclers{lifecycler_addresses=None}: lifecycler::lifecycle: close time.busy=240ns time.idle=2.03µs
2025-06-20T10:55:13.584994Z  INFO run_lifecycler:run_service_and_step_through_lifecycle:step_through_lifecycle:execute: lifecycler::lifecycle: entering phase rank=Some(0) phase=0 is_leader=true entered_phases=false
2025-06-20T10:55:13.585014Z  INFO run_lifecycler:run_service_and_step_through_lifecycle:step_through_lifecycle:execute:barrier_sync: lifecycler::lifecycle: close time.busy=320ns time.idle=1.93µs
2025-06-20T10:55:13.585064Z  INFO run_lifecycler:run_service_and_step_through_lifecycle:step_through_lifecycle:execute: lifecycler::lifecycle: Successfully got AzureML Context from environment, updating Run History with new run attempt
2025-06-20T10:55:13.585074Z  WARN run_lifecycler:run_service_and_step_through_lifecycle:step_through_lifecycle:execute: lifecycler::lifecycle: Skip updating run_attempt since cannot find AZUREML_CR_ENABLE_RUN_ATTEMPT_COUNT_BY_RUN_HISTORY from environment
2025-06-20T10:55:13.585095Z  INFO run_lifecycler:run_service_and_step_through_lifecycle:step_through_lifecycle:execute: lifecycler::lifecycle: starting phase execution rank=Some(0) phase=0
2025-06-20T10:55:13.585105Z  INFO run_lifecycler:run_service_and_step_through_lifecycle:step_through_lifecycle:execute: lifecycler::lifecycle: executing phase commands rank=Some(0) phase=0
2025-06-20T10:55:13.585117Z  INFO run_lifecycler:run_service_and_step_through_lifecycle:step_through_lifecycle:execute:executor_client::execute_commands{lifecycle_address="/tmp/azureml/cr/j/e9d886e20cea42ba8de35e0e0943c7a7/.grpc/lifecycler:0" scheduling=None debug_mode=None}: lifecycler::executor_client: Executing commands
2025-06-20T10:55:13.585155Z  WARN run_lifecycler:run_service_and_step_through_lifecycle:step_through_lifecycle:execute:executor_client::execute_commands{lifecycle_address="/tmp/azureml/cr/j/e9d886e20cea42ba8de35e0e0943c7a7/.grpc/lifecycler:0" scheduling=None debug_mode=None}:executor_client::start_execution{lifecycler_address="/tmp/azureml/cr/j/e9d886e20cea42ba8de35e0e0943c7a7/.grpc/lifecycler:0" debug_mode=None commands_f=Command(Command { executable: Shell { path: None, command: "set -o pipefail; source /amlarc-scripts/bootstrap_common_runtime.sh 2>&1", success_return_code: Zero { additional_codes: [] } }, stderr: None, stdout: Some("user_logs/bootstrap_${AZUREML_CR_NODE_RANK}.txt") }) path_mappings_f={}}: grpc_utils::span: failed to inject span context to grpc request
2025-06-20T10:55:13.585166Z  INFO run_lifecycler:run_service_and_step_through_lifecycle:step_through_lifecycle:execute:executor_client::execute_commands{lifecycle_address="/tmp/azureml/cr/j/e9d886e20cea42ba8de35e0e0943c7a7/.grpc/lifecycler:0" scheduling=None debug_mode=None}:executor_client::start_execution{lifecycler_address="/tmp/azureml/cr/j/e9d886e20cea42ba8de35e0e0943c7a7/.grpc/lifecycler:0" debug_mode=None commands_f=Command(Command { executable: Shell { path: None, command: "set -o pipefail; source /amlarc-scripts/bootstrap_common_runtime.sh 2>&1", success_return_code: Zero { additional_codes: [] } }, stderr: None, stdout: Some("user_logs/bootstrap_${AZUREML_CR_NODE_RANK}.txt") }) path_mappings_f={}}: lifecycler::executor_client: Starting execution execution_id=6073f359-c65c-4472-afdc-328e57594ad8 lifecycler_address=/tmp/azureml/cr/j/e9d886e20cea42ba8de35e0e0943c7a7/.grpc/lifecycler:0
2025-06-20T10:55:13.591615Z  INFO run_lifecycler:run_service_and_step_through_lifecycle:step_through_lifecycle:execute:executor_client::execute_commands{lifecycle_address="/tmp/azureml/cr/j/e9d886e20cea42ba8de35e0e0943c7a7/.grpc/lifecycler:0" scheduling=None debug_mode=None}:executor_client::start_execution{lifecycler_address="/tmp/azureml/cr/j/e9d886e20cea42ba8de35e0e0943c7a7/.grpc/lifecycler:0" debug_mode=None commands_f=Command(Command { executable: Shell { path: None, command: "set -o pipefail; source /amlarc-scripts/bootstrap_common_runtime.sh 2>&1", success_return_code: Zero { additional_codes: [] } }, stderr: None, stdout: Some("user_logs/bootstrap_${AZUREML_CR_NODE_RANK}.txt") }) path_mappings_f={}}: lifecycler::executor_client: close time.busy=75.0µs time.idle=6.41ms
2025-06-20T10:55:13.591626Z  INFO run_lifecycler:run_service_and_step_through_lifecycle:step_through_lifecycle:execute:executor_client::execute_commands{lifecycle_address="/tmp/azureml/cr/j/e9d886e20cea42ba8de35e0e0943c7a7/.grpc/lifecycler:0" scheduling=None debug_mode=None}: lifecycler::executor_client: Waiting for execution completion execution_id="6073f359-c65c-4472-afdc-328e57594ad8"
2025-06-20T10:55:13.604353Z  INFO ExecutionCallbackServicer::complete_execution: grpc_utils::server: Got grpc request request_name="complete_execution" remote_addr=None
2025-06-20T10:55:13.604400Z  INFO ExecutionCallbackServicer::complete_execution: lifecycler::service: close time.busy=51.8µs time.idle=10.3µs
2025-06-20T10:55:13.604414Z  INFO run_lifecycler:run_service_and_step_through_lifecycle:step_through_lifecycle:execute:executor_client::execute_commands{lifecycle_address="/tmp/azureml/cr/j/e9d886e20cea42ba8de35e0e0943c7a7/.grpc/lifecycler:0" scheduling=None debug_mode=None}:executor_client::wait_for_execution_completion{execution_id="6073f359-c65c-4472-afdc-328e57594ad8"}: lifecycler::executor_client: close time.busy=1.92µs time.idle=12.8ms
2025-06-20T10:55:13.604441Z  INFO run_lifecycler:run_service_and_step_through_lifecycle:step_through_lifecycle:execute:executor_client::execute_commands{lifecycle_address="/tmp/azureml/cr/j/e9d886e20cea42ba8de35e0e0943c7a7/.grpc/lifecycler:0" scheduling=None debug_mode=None}: lifecycler::executor_client: Execution completed execution_id="6073f359-c65c-4472-afdc-328e57594ad8"
2025-06-20T10:55:13.604469Z  INFO run_lifecycler:run_service_and_step_through_lifecycle:step_through_lifecycle:execute:executor_client::execute_commands{lifecycle_address="/tmp/azureml/cr/j/e9d886e20cea42ba8de35e0e0943c7a7/.grpc/lifecycler:0" scheduling=None debug_mode=None}: lifecycler::executor_client: close time.busy=182µs time.idle=19.2ms
2025-06-20T10:55:13.604481Z  INFO run_lifecycler:run_service_and_step_through_lifecycle:step_through_lifecycle:execute: lifecycler::lifecycle: phase execution completed. rank=Some(0) phase=0
2025-06-20T10:55:13.604501Z  INFO run_lifecycler:run_service_and_step_through_lifecycle:step_through_lifecycle:execute: lifecycler::lifecycle: entering phase rank=Some(0) phase=1 is_leader=true entered_phases=true
2025-06-20T10:55:13.604519Z  INFO run_lifecycler:run_service_and_step_through_lifecycle:step_through_lifecycle:execute:barrier_sync: lifecycler::lifecycle: close time.busy=400ns time.idle=2.72µs
2025-06-20T10:55:13.604537Z  INFO run_lifecycler:run_service_and_step_through_lifecycle:step_through_lifecycle:execute: lifecycler::lifecycle: starting phase execution rank=Some(0) phase=1
2025-06-20T10:55:13.604566Z  INFO run_lifecycler:run_service_and_step_through_lifecycle:step_through_lifecycle:execute: lifecycler::lifecycle: executing phase commands rank=Some(0) phase=1
2025-06-20T10:55:13.604584Z  INFO run_lifecycler:run_service_and_step_through_lifecycle:step_through_lifecycle:execute:executor_client::execute_commands{lifecycle_address="/tmp/azureml/cr/j/e9d886e20cea42ba8de35e0e0943c7a7/.grpc/lifecycler:0" scheduling=None debug_mode=None}: lifecycler::executor_client: Executing commands
2025-06-20T10:55:13.604617Z  WARN run_lifecycler:run_service_and_step_through_lifecycle:step_through_lifecycle:execute:executor_client::execute_commands{lifecycle_address="/tmp/azureml/cr/j/e9d886e20cea42ba8de35e0e0943c7a7/.grpc/lifecycler:0" scheduling=None debug_mode=None}:executor_client::start_execution{lifecycler_address="/tmp/azureml/cr/j/e9d886e20cea42ba8de35e0e0943c7a7/.grpc/lifecycler:0" debug_mode=None commands_f=Command(Command { executable: Shell { path: None, command: "\npython evaluate.py --model_dir $AZUREML_DATAREFERENCE_model_dir --test_texts $AZUREML_DATAREFERENCE_test_texts --test_labels $AZUREML_DATAREFERENCE_test_labels --output_metrics $AZURE_ML_OUTPUT_metrics_json", success_return_code: Zero { additional_codes: [] } }, stderr: None, stdout: Some("user_logs/std_log.txt") }) path_mappings_f={}}: grpc_utils::span: failed to inject span context to grpc request
2025-06-20T10:55:13.604638Z  INFO run_lifecycler:run_service_and_step_through_lifecycle:step_through_lifecycle:execute:executor_client::execute_commands{lifecycle_address="/tmp/azureml/cr/j/e9d886e20cea42ba8de35e0e0943c7a7/.grpc/lifecycler:0" scheduling=None debug_mode=None}:executor_client::start_execution{lifecycler_address="/tmp/azureml/cr/j/e9d886e20cea42ba8de35e0e0943c7a7/.grpc/lifecycler:0" debug_mode=None commands_f=Command(Command { executable: Shell { path: None, command: "\npython evaluate.py --model_dir $AZUREML_DATAREFERENCE_model_dir --test_texts $AZUREML_DATAREFERENCE_test_texts --test_labels $AZUREML_DATAREFERENCE_test_labels --output_metrics $AZURE_ML_OUTPUT_metrics_json", success_return_code: Zero { additional_codes: [] } }, stderr: None, stdout: Some("user_logs/std_log.txt") }) path_mappings_f={}}: lifecycler::executor_client: Starting execution execution_id=9b7a11d9-27ea-4615-b70b-191c7c0682bf lifecycler_address=/tmp/azureml/cr/j/e9d886e20cea42ba8de35e0e0943c7a7/.grpc/lifecycler:0
2025-06-20T10:55:13.609862Z  INFO run_lifecycler:run_service_and_step_through_lifecycle:step_through_lifecycle:execute:executor_client::execute_commands{lifecycle_address="/tmp/azureml/cr/j/e9d886e20cea42ba8de35e0e0943c7a7/.grpc/lifecycler:0" scheduling=None debug_mode=None}:executor_client::start_execution{lifecycler_address="/tmp/azureml/cr/j/e9d886e20cea42ba8de35e0e0943c7a7/.grpc/lifecycler:0" debug_mode=None commands_f=Command(Command { executable: Shell { path: None, command: "\npython evaluate.py --model_dir $AZUREML_DATAREFERENCE_model_dir --test_texts $AZUREML_DATAREFERENCE_test_texts --test_labels $AZUREML_DATAREFERENCE_test_labels --output_metrics $AZURE_ML_OUTPUT_metrics_json", success_return_code: Zero { additional_codes: [] } }, stderr: None, stdout: Some("user_logs/std_log.txt") }) path_mappings_f={}}: lifecycler::executor_client: close time.busy=104µs time.idle=5.16ms
2025-06-20T10:55:13.609876Z  INFO run_lifecycler:run_service_and_step_through_lifecycle:step_through_lifecycle:execute:executor_client::execute_commands{lifecycle_address="/tmp/azureml/cr/j/e9d886e20cea42ba8de35e0e0943c7a7/.grpc/lifecycler:0" scheduling=None debug_mode=None}: lifecycler::executor_client: Waiting for execution completion execution_id="9b7a11d9-27ea-4615-b70b-191c7c0682bf"
2025-06-20T10:55:43.836819Z  WARN grpc_utils::span: failed to inject span context to grpc request
2025-06-20T10:55:43.837144Z  WARN grpc_utils::span: failed to inject span context to grpc request
2025-06-20T10:55:43.837175Z  WARN grpc_utils::span: failed to inject span context to grpc request
2025-06-20T10:55:43.837188Z  WARN grpc_utils::span: failed to inject span context to grpc request
2025-06-20T10:55:43.837202Z  WARN grpc_utils::span: failed to inject span context to grpc request
2025-06-20T10:56:23.839581Z  WARN grpc_utils::span: failed to inject span context to grpc request
2025-06-20T10:56:23.839667Z  WARN grpc_utils::span: failed to inject span context to grpc request
2025-06-20T10:56:23.839696Z  WARN grpc_utils::span: failed to inject span context to grpc request
2025-06-20T10:56:23.839718Z  WARN grpc_utils::span: failed to inject span context to grpc request
2025-06-20T10:56:23.839740Z  WARN grpc_utils::span: failed to inject span context to grpc request
2025-06-20T10:56:24.159707Z  INFO ExecutionCallbackServicer::complete_execution: grpc_utils::server: Got grpc request request_name="complete_execution" remote_addr=None
2025-06-20T10:56:24.159810Z  INFO ExecutionCallbackServicer::complete_execution: lifecycler::service: close time.busy=110µs time.idle=19.8µs
2025-06-20T10:56:24.159860Z  INFO run_lifecycler:run_service_and_step_through_lifecycle:step_through_lifecycle:execute:executor_client::execute_commands{lifecycle_address="/tmp/azureml/cr/j/e9d886e20cea42ba8de35e0e0943c7a7/.grpc/lifecycler:0" scheduling=None debug_mode=None}:executor_client::wait_for_execution_completion{execution_id="9b7a11d9-27ea-4615-b70b-191c7c0682bf"}: lifecycler::executor_client: close time.busy=4.78µs time.idle=70.5s
2025-06-20T10:56:24.159889Z  INFO run_lifecycler:run_service_and_step_through_lifecycle:step_through_lifecycle:execute:executor_client::execute_commands{lifecycle_address="/tmp/azureml/cr/j/e9d886e20cea42ba8de35e0e0943c7a7/.grpc/lifecycler:0" scheduling=None debug_mode=None}: lifecycler::executor_client: Execution completed execution_id="9b7a11d9-27ea-4615-b70b-191c7c0682bf"
2025-06-20T10:56:24.159939Z  INFO run_lifecycler:run_service_and_step_through_lifecycle:step_through_lifecycle:execute:executor_client::execute_commands{lifecycle_address="/tmp/azureml/cr/j/e9d886e20cea42ba8de35e0e0943c7a7/.grpc/lifecycler:0" scheduling=None debug_mode=None}: lifecycler::executor_client: close time.busy=247µs time.idle=70.6s
2025-06-20T10:56:24.159956Z  INFO run_lifecycler:run_service_and_step_through_lifecycle:step_through_lifecycle:execute: lifecycler::lifecycle: phase execution completed. rank=Some(0) phase=1
2025-06-20T10:56:24.159998Z  INFO run_lifecycler:run_service_and_step_through_lifecycle:step_through_lifecycle:execute: lifecycler::lifecycle: close time.busy=761µs time.idle=70.6s
2025-06-20T10:56:24.160040Z  WARN run_lifecycler:run_service_and_step_through_lifecycle:step_through_lifecycle:end_service_capabilities:end{name="CS_CAPABILITY"}: grpc_utils::span: failed to inject span context to grpc request
2025-06-20T10:56:24.160070Z  WARN run_lifecycler:run_service_and_step_through_lifecycle:step_through_lifecycle:end_service_capabilities:end{name="DATA_CAPABILITY"}: grpc_utils::span: failed to inject span context to grpc request
2025-06-20T10:56:24.160091Z  WARN run_lifecycler:run_service_and_step_through_lifecycle:step_through_lifecycle:end_service_capabilities:end{name="HOSTTOOLS_CAPABILITY"}: grpc_utils::span: failed to inject span context to grpc request
2025-06-20T10:56:24.160134Z  WARN run_lifecycler:run_service_and_step_through_lifecycle:step_through_lifecycle:end_service_capabilities:end{name="SNAPSHOT_CAPABILITY"}: grpc_utils::span: failed to inject span context to grpc request
2025-06-20T10:56:24.160644Z  INFO run_lifecycler:run_service_and_step_through_lifecycle:step_through_lifecycle:end_service_capabilities:end{name="SNAPSHOT_CAPABILITY"}: lifecycler::capability_client: Received success code for end cap_name=SNAPSHOT_CAPABILITY
2025-06-20T10:56:24.160679Z  INFO run_lifecycler:run_service_and_step_through_lifecycle:step_through_lifecycle:end_service_capabilities:end{name="SNAPSHOT_CAPABILITY"}: lifecycler::capability_client: close time.busy=87.7µs time.idle=459µs
2025-06-20T10:56:24.162142Z  INFO run_lifecycler:run_service_and_step_through_lifecycle:step_through_lifecycle:end_service_capabilities:end{name="CS_CAPABILITY"}: lifecycler::capability_client: Received success code for end cap_name=CS_CAPABILITY
2025-06-20T10:56:24.162183Z  INFO run_lifecycler:run_service_and_step_through_lifecycle:step_through_lifecycle:end_service_capabilities:end{name="CS_CAPABILITY"}: lifecycler::capability_client: close time.busy=108µs time.idle=2.04ms
