2025-06-20T10:53:06.815265Z  INFO telemetry: job_telemetry_init artifact_type=installed branch=origin/adac75962930155e747d4911e0ed9de487322c89 ci_number=20250523.1 ci_name=CommonRuntime-RuntimeTeam-Linux-Prod-Build build_time=2025-05-23 10:38:56.290864
2025-06-20T10:53:06.815314Z  WARN run_execution_wrapper: telemetry::otel::extractors::environment: Failed to set_context_from_env, env var `traceparent` is missing.
2025-06-20T10:53:06.817989Z  INFO run_execution_wrapper: execution_wrapper: Successfully dumped bootstrapping environment to file
2025-06-20T10:53:06.818010Z  INFO run_execution_wrapper: execution_wrapper: Enable std log streaming is not specified in executor configuration, default to not stream logs to stdout and stderr
2025-06-20T10:53:06.818018Z  INFO run_execution_wrapper: execution_wrapper: Enable termination signal handling is not specified in executor configuration, default to ignore termination signals
2025-06-20T10:53:06.818025Z  INFO run_execution_wrapper: execution_wrapper: Executor config not provided, certificates will not be updated.
2025-06-20T10:53:06.818056Z  INFO run_execution_wrapper:execution-wrapper::run_service{path_mapping_kind=None error_pattern_json_files_post_execution=None error_pattern_json_file_mid_execution=None enable_std_log_streaming=false skip_user_log_file_generation=false enable_termination_signal_handling=false}: execution_wrapper::service: serving execution service at executor_address=/tmp/azureml/cr/j/045c97bb44e8410ab037d2b171b585e1/.grpc/executor:0
2025-06-20T10:53:06.818132Z  INFO run_execution_wrapper:execution-wrapper::run_service{path_mapping_kind=None error_pattern_json_files_post_execution=None error_pattern_json_file_mid_execution=None enable_std_log_streaming=false skip_user_log_file_generation=false enable_termination_signal_handling=false}: cr_core: Successfully configured current process to ignore termination signals
2025-06-20T10:53:06.818152Z  INFO run_execution_wrapper:execution-wrapper::run_service{path_mapping_kind=None error_pattern_json_files_post_execution=None error_pattern_json_file_mid_execution=None enable_std_log_streaming=false skip_user_log_file_generation=false enable_termination_signal_handling=false}:serve: grpc_utils::endpoint::serve: serving gRPC service endpoint=Uds("/tmp/azureml/cr/j/045c97bb44e8410ab037d2b171b585e1/.grpc/executor:0") retry=ExponentialBackoffRetry { retry_delay_secs: 2, delay_factor: 1000, num_retries: 3 }
2025-06-20T10:53:22.900387Z  INFO ExecutionServicer::run: grpc_utils::server: Got grpc request request_name="run" remote_addr=None
2025-06-20T10:53:22.900493Z  INFO ExecutionServicer::run:ExecutionServicer::spawn_execution{wait_execution_completion=false}: execution_wrapper::service: spawn_execution request id="634c58e2-bc86-4cde-885d-bc78572bfe58" client_address=Some("/tmp/azureml/cr/j/045c97bb44e8410ab037d2b171b585e1/.grpc/lifecycler:0")
2025-06-20T10:53:22.900533Z  INFO ExecutionServicer::run:ExecutionServicer::spawn_execution{wait_execution_completion=false}:inject_legacy_env_vars: execution_wrapper::legacy_env_vars: Setting legacy env vars from distributed config distributed_config=DistributedConfig { rank: EnvName("VK_TASK_INDEX"), host_list: [], remote_grpc: None, batch_leader_port: Some(6105), is_distributed_parallel_task: None, disable_fatal_ongoing_ssh_check_failure: false }
2025-06-20T10:53:22.900563Z  WARN ExecutionServicer::run:ExecutionServicer::spawn_execution{wait_execution_completion=false}:inject_legacy_env_vars: execution_wrapper::legacy_env_vars: Skip injecting legacy env vars, distributed config host list is empty, setting only the defaults distributed_config=DistributedConfig { rank: EnvName("VK_TASK_INDEX"), host_list: [], remote_grpc: None, batch_leader_port: Some(6105), is_distributed_parallel_task: None, disable_fatal_ongoing_ssh_check_failure: false }
2025-06-20T10:53:22.900590Z  INFO ExecutionServicer::run:ExecutionServicer::spawn_execution{wait_execution_completion=false}:inject_legacy_env_vars: execution_wrapper::legacy_env_vars: Injecting AZ_BATCHAI_JOB_WORK_DIR=/tmp/azureml/cr/j/045c97bb44e8410ab037d2b171b585e1/exe/wd working_dir="/tmp/azureml/cr/j/045c97bb44e8410ab037d2b171b585e1/exe/wd"
2025-06-20T10:53:22.900617Z  INFO ExecutionServicer::run:ExecutionServicer::spawn_execution{wait_execution_completion=false}:inject_legacy_env_vars: execution_wrapper::legacy_env_vars: Injecting AZUREML_PROCESS_NAME=main as default
2025-06-20T10:53:22.900695Z  INFO ExecutionServicer::run:ExecutionServicer::spawn_execution{wait_execution_completion=false}:inject_legacy_env_vars:get_gpu_count: execution_wrapper::common: Get ComputeContext from env success compute_context=ComputeContext { cluster_name: "adsai-lambda-0", node_id: EnvironmentVariable("POD_NAME"), vm_id: None, run_attempt_count: 1, gpu_count: Some(1), vm_size: None, readable_cluster_name: None, vm_priority: None, use_vnet_or_private_link: false }
2025-06-20T10:53:22.900729Z  INFO ExecutionServicer::run:ExecutionServicer::spawn_execution{wait_execution_completion=false}:inject_legacy_env_vars:get_gpu_count: execution_wrapper::common: close time.busy=92.3µs time.idle=5.77µs
2025-06-20T10:53:22.900746Z  INFO ExecutionServicer::run:ExecutionServicer::spawn_execution{wait_execution_completion=false}:inject_legacy_env_vars:override_dc_env_vars: execution_wrapper::dc_env_vars: Updated env AZUREML_CR_EXECUTOR_CONFIG for spawned process
2025-06-20T10:53:22.900755Z  INFO ExecutionServicer::run:ExecutionServicer::spawn_execution{wait_execution_completion=false}:inject_legacy_env_vars:override_dc_env_vars: execution_wrapper::dc_env_vars: Updated env AZUREML_CR_DISTRIBUTED_CONFIG for spawned process
2025-06-20T10:53:22.900763Z  INFO ExecutionServicer::run:ExecutionServicer::spawn_execution{wait_execution_completion=false}:inject_legacy_env_vars:override_dc_env_vars: execution_wrapper::dc_env_vars: Updated env AZUREML_SERVICE_ENDPOINT for spawned process
2025-06-20T10:53:22.900773Z  INFO ExecutionServicer::run:ExecutionServicer::spawn_execution{wait_execution_completion=false}:inject_legacy_env_vars:override_dc_env_vars: execution_wrapper::dc_env_vars: Updated env AZUREML_SERVICE_CERT_ENDPOINT for spawned process
2025-06-20T10:53:22.900788Z  INFO ExecutionServicer::run:ExecutionServicer::spawn_execution{wait_execution_completion=false}:inject_legacy_env_vars:override_dc_env_vars: execution_wrapper::dc_env_vars: Updated env AZUREML_DISCOVERY_SERVICE_ENDPOINT for spawned process
2025-06-20T10:53:22.900802Z  INFO ExecutionServicer::run:ExecutionServicer::spawn_execution{wait_execution_completion=false}:inject_legacy_env_vars:override_dc_env_vars: execution_wrapper::dc_env_vars: Env var AZUREML_DEV_URL_MLFLOW is empty for current process
2025-06-20T10:53:22.900818Z  INFO ExecutionServicer::run:ExecutionServicer::spawn_execution{wait_execution_completion=false}:inject_legacy_env_vars:override_dc_env_vars: execution_wrapper::dc_env_vars: Updated env AZUREML_RUN_HISTORY_SERVICE_ENDPOINT for spawned process
2025-06-20T10:53:22.900832Z  INFO ExecutionServicer::run:ExecutionServicer::spawn_execution{wait_execution_completion=false}:inject_legacy_env_vars:override_dc_env_vars: execution_wrapper::dc_env_vars: close time.busy=86.7µs time.idle=1.04µs
2025-06-20T10:53:22.900837Z  INFO ExecutionServicer::run:ExecutionServicer::spawn_execution{wait_execution_completion=false}:inject_legacy_env_vars: execution_wrapper::legacy_env_vars: close time.busy=305µs time.idle=3.60µs
2025-06-20T10:53:22.900864Z  INFO ExecutionServicer::run:ExecutionServicer::spawn_execution{wait_execution_completion=false}: execution_wrapper::infiniband_utils: Is InfiniBand device present: false infiniband_device_path="/dev/infiniband/uverbs0"
2025-06-20T10:53:22.900880Z  INFO ExecutionServicer::run:ExecutionServicer::spawn_execution{wait_execution_completion=false}: execution_wrapper::service: Spawning execution
2025-06-20T10:53:22.904787Z  INFO ExecutionServicer::run:ExecutionServicer::spawn_execution{wait_execution_completion=false}:Execution::parse_commands: execution_wrapper::command_resolvers::shell: Using detected user shell: "/bin/bash" shell="/bin/bash"
2025-06-20T10:53:22.904850Z  INFO ExecutionServicer::run:ExecutionServicer::spawn_execution{wait_execution_completion=false}:Execution::parse_commands: execution_wrapper::execution: close time.busy=3.75ms time.idle=1.74µs
2025-06-20T10:53:22.905384Z  INFO ExecutionServicer::run:ExecutionServicer::spawn_execution{wait_execution_completion=false}:Execution::spawn{wait_execution_completion=false}: execution_wrapper::execution: Spawning target process
2025-06-20T10:53:22.908745Z  INFO ExecutionServicer::run:ExecutionServicer::spawn_execution{wait_execution_completion=false}:Execution::spawn{wait_execution_completion=false}: execution_wrapper::execution: execution process spawned pid=28
2025-06-20T10:53:22.909015Z  INFO execution_wrapper::execution: start waiting for processes execution to complete num_processes=1
2025-06-20T10:53:22.909138Z  INFO Execution::wait_for_completion: execution_wrapper::execution::process_manager: ProcessManagerExecution state changing from PendingExecution to PendingExecution
2025-06-20T10:53:22.922361Z  INFO Execution::wait_for_completion: execution_wrapper::execution::process_manager: ProcessManagerExecution state changing from PendingExecution to ExecutionCompleted
2025-06-20T10:53:22.922419Z  INFO Execution::wait_for_completion: execution_wrapper::execution::process_manager: Start collecting process exit statuses
2025-06-20T10:53:22.922435Z  INFO Execution::wait_for_completion: execution_wrapper::execution::process_manager: Successfully collected the exit status of user process pid=28 process_name=set killed_by_process_manager=false
2025-06-20T10:53:22.922457Z  INFO Execution::wait_for_completion: execution_wrapper::execution::process_manager: Process manager successfully collected the exit statuses of all user processes on current node
2025-06-20T10:53:22.922473Z  INFO Execution::wait_for_completion: execution_wrapper::execution::process_manager: ProcessManagerExecution state changing from ExecutionCompleted to CleanupStreamingTasks
2025-06-20T10:53:22.922494Z  INFO Execution::wait_for_completion: execution_wrapper::execution::process_manager: Start cleaning up execution log streaming tasks
2025-06-20T10:53:22.922505Z  INFO Execution::wait_for_completion: execution_wrapper::execution::process_manager: Process manager successfully aborted all streaming tasks for current execution
2025-06-20T10:53:22.922520Z  INFO Execution::wait_for_completion: execution_wrapper::execution: Gathered execution result for rank 0 process_rank=0 exit_code=0 stderr_path=Some("user_logs/bootstrap_0.txt")
2025-06-20T10:53:22.922547Z  INFO Execution::wait_for_completion: execution_wrapper::execution: [wait_for_completion] execution process completed.
2025-06-20T10:53:22.922592Z  WARN Execution::wait_for_completion:ExecutionFinalizer::on_exit:ExecutionFinalizer::complete_execution: grpc_utils::span: failed to inject span context to grpc request
2025-06-20T10:53:22.922614Z  INFO Execution::wait_for_completion:ExecutionFinalizer::on_exit:ExecutionFinalizer::complete_execution:execution-wrapper::connect_to_callback_service: execution_wrapper::service: connecting to callback endpoint: /tmp/azureml/cr/j/045c97bb44e8410ab037d2b171b585e1/.grpc/lifecycler:0 client_address=/tmp/azureml/cr/j/045c97bb44e8410ab037d2b171b585e1/.grpc/lifecycler:0
2025-06-20T10:53:22.922707Z  INFO Execution::wait_for_completion:ExecutionFinalizer::on_exit:ExecutionFinalizer::complete_execution:execution-wrapper::connect_to_callback_service:connect: grpc_utils::endpoint::connect: Connecting to gRPC service endpoint=Uds("/tmp/azureml/cr/j/045c97bb44e8410ab037d2b171b585e1/.grpc/lifecycler:0") retry=FixedIntervalRetry { attempt_timeout_millis: 50, retry_delay_millis: 10, max_duration: 600s }
2025-06-20T10:53:22.922900Z  INFO Execution::wait_for_completion:ExecutionFinalizer::on_exit:ExecutionFinalizer::complete_execution:execution-wrapper::connect_to_callback_service:connect: grpc_utils::endpoint::connect: Successfully connected to gRPC service endpoint=Uds("/tmp/azureml/cr/j/045c97bb44e8410ab037d2b171b585e1/.grpc/lifecycler:0")
2025-06-20T10:53:22.922942Z  INFO Execution::wait_for_completion:ExecutionFinalizer::on_exit:ExecutionFinalizer::complete_execution:execution-wrapper::connect_to_callback_service:connect: grpc_utils::endpoint::connect: close time.busy=205µs time.idle=33.6µs
2025-06-20T10:53:22.922963Z  INFO Execution::wait_for_completion:ExecutionFinalizer::on_exit:ExecutionFinalizer::complete_execution:execution-wrapper::connect_to_callback_service: execution_wrapper::service: close time.busy=327µs time.idle=27.4µs
2025-06-20T10:53:22.923415Z  INFO Execution::wait_for_completion:ExecutionFinalizer::on_exit:ExecutionFinalizer::complete_execution: execution_wrapper::service: Completed execution id=634c58e2-bc86-4cde-885d-bc78572bfe58
2025-06-20T10:53:22.923441Z  INFO Execution::wait_for_completion:ExecutionFinalizer::on_exit:ExecutionFinalizer::complete_execution: execution_wrapper::service: close time.busy=434µs time.idle=425µs
2025-06-20T10:53:22.923455Z  INFO Execution::wait_for_completion:ExecutionFinalizer::on_exit: execution_wrapper::service: close time.busy=456µs time.idle=425µs
2025-06-20T10:53:22.923463Z  INFO ExecutionServicer::run:ExecutionServicer::spawn_execution{wait_execution_completion=false}:Execution::spawn{wait_execution_completion=false}: execution_wrapper::execution: close time.busy=3.70ms time.idle=14.9ms
2025-06-20T10:53:22.923472Z  INFO ExecutionServicer::run:ExecutionServicer::spawn_execution{wait_execution_completion=false}: execution_wrapper::service: close time.busy=8.21ms time.idle=14.8ms
2025-06-20T10:53:22.923478Z  INFO ExecutionServicer::run: execution_wrapper::service: close time.busy=8.34ms time.idle=14.8ms
2025-06-20T10:53:22.923491Z  INFO Execution::wait_for_completion: execution_wrapper::execution: close time.busy=816µs time.idle=13.6ms
2025-06-20T10:53:22.923496Z  INFO execution_wrapper::execution: process execution completed
2025-06-20T10:53:22.923905Z  INFO ExecutionServicer::run: grpc_utils::server: Got grpc request request_name="run" remote_addr=None
2025-06-20T10:53:22.923962Z  INFO ExecutionServicer::run:ExecutionServicer::spawn_execution{wait_execution_completion=false}: execution_wrapper::service: spawn_execution request id="5fa72efc-ce5a-4834-9b1f-4c287c904687" client_address=Some("/tmp/azureml/cr/j/045c97bb44e8410ab037d2b171b585e1/.grpc/lifecycler:0")
2025-06-20T10:53:22.923985Z  INFO ExecutionServicer::run:ExecutionServicer::spawn_execution{wait_execution_completion=false}:inject_legacy_env_vars: execution_wrapper::legacy_env_vars: Setting legacy env vars from distributed config distributed_config=DistributedConfig { rank: EnvName("VK_TASK_INDEX"), host_list: [], remote_grpc: None, batch_leader_port: Some(6105), is_distributed_parallel_task: None, disable_fatal_ongoing_ssh_check_failure: false }
2025-06-20T10:53:22.924004Z  WARN ExecutionServicer::run:ExecutionServicer::spawn_execution{wait_execution_completion=false}:inject_legacy_env_vars: execution_wrapper::legacy_env_vars: Skip injecting legacy env vars, distributed config host list is empty, setting only the defaults distributed_config=DistributedConfig { rank: EnvName("VK_TASK_INDEX"), host_list: [], remote_grpc: None, batch_leader_port: Some(6105), is_distributed_parallel_task: None, disable_fatal_ongoing_ssh_check_failure: false }
2025-06-20T10:53:22.924019Z  INFO ExecutionServicer::run:ExecutionServicer::spawn_execution{wait_execution_completion=false}:inject_legacy_env_vars: execution_wrapper::legacy_env_vars: Injecting AZ_BATCHAI_JOB_WORK_DIR=/tmp/azureml/cr/j/045c97bb44e8410ab037d2b171b585e1/exe/wd working_dir="/tmp/azureml/cr/j/045c97bb44e8410ab037d2b171b585e1/exe/wd"
2025-06-20T10:53:22.924033Z  INFO ExecutionServicer::run:ExecutionServicer::spawn_execution{wait_execution_completion=false}:inject_legacy_env_vars: execution_wrapper::legacy_env_vars: Injecting AZUREML_PROCESS_NAME=main as default
2025-06-20T10:53:22.924095Z  INFO ExecutionServicer::run:ExecutionServicer::spawn_execution{wait_execution_completion=false}:inject_legacy_env_vars:get_gpu_count: execution_wrapper::common: Get ComputeContext from env success compute_context=ComputeContext { cluster_name: "adsai-lambda-0", node_id: EnvironmentVariable("POD_NAME"), vm_id: None, run_attempt_count: 1, gpu_count: Some(1), vm_size: None, readable_cluster_name: None, vm_priority: None, use_vnet_or_private_link: false }
2025-06-20T10:53:22.924117Z  INFO ExecutionServicer::run:ExecutionServicer::spawn_execution{wait_execution_completion=false}:inject_legacy_env_vars:get_gpu_count: execution_wrapper::common: close time.busy=66.1µs time.idle=1.74µs
2025-06-20T10:53:22.924130Z  INFO ExecutionServicer::run:ExecutionServicer::spawn_execution{wait_execution_completion=false}:inject_legacy_env_vars:override_dc_env_vars: execution_wrapper::dc_env_vars: Updated env AZUREML_CR_EXECUTOR_CONFIG for spawned process
2025-06-20T10:53:22.924140Z  INFO ExecutionServicer::run:ExecutionServicer::spawn_execution{wait_execution_completion=false}:inject_legacy_env_vars:override_dc_env_vars: execution_wrapper::dc_env_vars: Updated env AZUREML_CR_DISTRIBUTED_CONFIG for spawned process
2025-06-20T10:53:22.924149Z  INFO ExecutionServicer::run:ExecutionServicer::spawn_execution{wait_execution_completion=false}:inject_legacy_env_vars:override_dc_env_vars: execution_wrapper::dc_env_vars: Updated env AZUREML_SERVICE_ENDPOINT for spawned process
2025-06-20T10:53:22.924160Z  INFO ExecutionServicer::run:ExecutionServicer::spawn_execution{wait_execution_completion=false}:inject_legacy_env_vars:override_dc_env_vars: execution_wrapper::dc_env_vars: Updated env AZUREML_SERVICE_CERT_ENDPOINT for spawned process
2025-06-20T10:53:22.924171Z  INFO ExecutionServicer::run:ExecutionServicer::spawn_execution{wait_execution_completion=false}:inject_legacy_env_vars:override_dc_env_vars: execution_wrapper::dc_env_vars: Updated env AZUREML_DISCOVERY_SERVICE_ENDPOINT for spawned process
2025-06-20T10:53:22.924183Z  INFO ExecutionServicer::run:ExecutionServicer::spawn_execution{wait_execution_completion=false}:inject_legacy_env_vars:override_dc_env_vars: execution_wrapper::dc_env_vars: Env var AZUREML_DEV_URL_MLFLOW is empty for current process
2025-06-20T10:53:22.924201Z  INFO ExecutionServicer::run:ExecutionServicer::spawn_execution{wait_execution_completion=false}:inject_legacy_env_vars:override_dc_env_vars: execution_wrapper::dc_env_vars: Updated env AZUREML_RUN_HISTORY_SERVICE_ENDPOINT for spawned process
2025-06-20T10:53:22.924231Z  INFO ExecutionServicer::run:ExecutionServicer::spawn_execution{wait_execution_completion=false}:inject_legacy_env_vars:override_dc_env_vars: execution_wrapper::dc_env_vars: close time.busy=102µs time.idle=1.09µs
2025-06-20T10:53:22.924238Z  INFO ExecutionServicer::run:ExecutionServicer::spawn_execution{wait_execution_completion=false}:inject_legacy_env_vars: execution_wrapper::legacy_env_vars: close time.busy=254µs time.idle=3.04µs
2025-06-20T10:53:22.924261Z  INFO ExecutionServicer::run:ExecutionServicer::spawn_execution{wait_execution_completion=false}: execution_wrapper::infiniband_utils: Is InfiniBand device present: false infiniband_device_path="/dev/infiniband/uverbs0"
2025-06-20T10:53:22.924279Z  INFO ExecutionServicer::run:ExecutionServicer::spawn_execution{wait_execution_completion=false}: execution_wrapper::service: Spawning execution
2025-06-20T10:53:22.926725Z  INFO ExecutionServicer::run:ExecutionServicer::spawn_execution{wait_execution_completion=false}:Execution::parse_commands: execution_wrapper::command_resolvers::shell: Using detected user shell: "/bin/bash" shell="/bin/bash"
2025-06-20T10:53:22.926809Z  INFO ExecutionServicer::run:ExecutionServicer::spawn_execution{wait_execution_completion=false}:Execution::parse_commands: execution_wrapper::execution: close time.busy=2.31ms time.idle=4.00µs
2025-06-20T10:53:22.927112Z  INFO ExecutionServicer::run:ExecutionServicer::spawn_execution{wait_execution_completion=false}:Execution::spawn{wait_execution_completion=false}: execution_wrapper::execution: Spawning target process
2025-06-20T10:53:22.929098Z  INFO ExecutionServicer::run:ExecutionServicer::spawn_execution{wait_execution_completion=false}:Execution::spawn{wait_execution_completion=false}: execution_wrapper::execution: execution process spawned pid=38
2025-06-20T10:53:22.929304Z  INFO execution_wrapper::execution: start waiting for processes execution to complete num_processes=1
2025-06-20T10:53:22.929376Z  INFO Execution::wait_for_completion: execution_wrapper::execution::process_manager: ProcessManagerExecution state changing from PendingExecution to PendingExecution
2025-06-20T10:54:35.889735Z  INFO Execution::wait_for_completion: execution_wrapper::execution::process_manager: ProcessManagerExecution state changing from PendingExecution to ExecutionCompleted
2025-06-20T10:54:35.889813Z  INFO Execution::wait_for_completion: execution_wrapper::execution::process_manager: Start collecting process exit statuses
2025-06-20T10:54:35.889827Z  INFO Execution::wait_for_completion: execution_wrapper::execution::process_manager: Successfully collected the exit status of user process pid=38 process_name=
python killed_by_process_manager=false
2025-06-20T10:54:35.889849Z  INFO Execution::wait_for_completion: execution_wrapper::execution::process_manager: Process manager successfully collected the exit statuses of all user processes on current node
2025-06-20T10:54:35.889861Z  INFO Execution::wait_for_completion: execution_wrapper::execution::process_manager: ProcessManagerExecution state changing from ExecutionCompleted to CleanupStreamingTasks
2025-06-20T10:54:35.889879Z  INFO Execution::wait_for_completion: execution_wrapper::execution::process_manager: Start cleaning up execution log streaming tasks
2025-06-20T10:54:35.889894Z  INFO Execution::wait_for_completion: execution_wrapper::execution::process_manager: Process manager successfully aborted all streaming tasks for current execution
2025-06-20T10:54:35.889911Z  INFO Execution::wait_for_completion: execution_wrapper::execution: Gathered execution result for rank 0 process_rank=0 exit_code=0 stderr_path=Some("user_logs/std_log.txt")
2025-06-20T10:54:35.889943Z  INFO Execution::wait_for_completion: execution_wrapper::execution: [wait_for_completion] execution process completed.
2025-06-20T10:54:35.889990Z  WARN Execution::wait_for_completion:ExecutionFinalizer::on_exit:ExecutionFinalizer::complete_execution: grpc_utils::span: failed to inject span context to grpc request
2025-06-20T10:54:35.890010Z  INFO Execution::wait_for_completion:ExecutionFinalizer::on_exit:ExecutionFinalizer::complete_execution:execution-wrapper::connect_to_callback_service: execution_wrapper::service: connecting to callback endpoint: /tmp/azureml/cr/j/045c97bb44e8410ab037d2b171b585e1/.grpc/lifecycler:0 client_address=/tmp/azureml/cr/j/045c97bb44e8410ab037d2b171b585e1/.grpc/lifecycler:0
2025-06-20T10:54:35.890090Z  INFO Execution::wait_for_completion:ExecutionFinalizer::on_exit:ExecutionFinalizer::complete_execution:execution-wrapper::connect_to_callback_service:connect: grpc_utils::endpoint::connect: Connecting to gRPC service endpoint=Uds("/tmp/azureml/cr/j/045c97bb44e8410ab037d2b171b585e1/.grpc/lifecycler:0") retry=FixedIntervalRetry { attempt_timeout_millis: 50, retry_delay_millis: 10, max_duration: 600s }
2025-06-20T10:54:35.890330Z  INFO Execution::wait_for_completion:ExecutionFinalizer::on_exit:ExecutionFinalizer::complete_execution:execution-wrapper::connect_to_callback_service:connect: grpc_utils::endpoint::connect: Successfully connected to gRPC service endpoint=Uds("/tmp/azureml/cr/j/045c97bb44e8410ab037d2b171b585e1/.grpc/lifecycler:0")
2025-06-20T10:54:35.890445Z  INFO Execution::wait_for_completion:ExecutionFinalizer::on_exit:ExecutionFinalizer::complete_execution:execution-wrapper::connect_to_callback_service:connect: grpc_utils::endpoint::connect: close time.busy=315µs time.idle=42.7µs
2025-06-20T10:54:35.890470Z  INFO Execution::wait_for_completion:ExecutionFinalizer::on_exit:ExecutionFinalizer::complete_execution:execution-wrapper::connect_to_callback_service: execution_wrapper::service: close time.busy=426µs time.idle=36.9µs
2025-06-20T10:54:35.891147Z  INFO Execution::wait_for_completion:ExecutionFinalizer::on_exit:ExecutionFinalizer::complete_execution: execution_wrapper::service: Completed execution id=5fa72efc-ce5a-4834-9b1f-4c287c904687
2025-06-20T10:54:35.891219Z  INFO Execution::wait_for_completion:ExecutionFinalizer::on_exit:ExecutionFinalizer::complete_execution: execution_wrapper::service: close time.busy=582µs time.idle=652µs
2025-06-20T10:54:35.891239Z  INFO Execution::wait_for_completion:ExecutionFinalizer::on_exit: execution_wrapper::service: close time.busy=603µs time.idle=668µs
2025-06-20T10:54:35.891248Z  INFO ExecutionServicer::run:ExecutionServicer::spawn_execution{wait_execution_completion=false}:Execution::spawn{wait_execution_completion=false}: execution_wrapper::execution: close time.busy=2.17ms time.idle=73.0s
2025-06-20T10:54:35.891256Z  INFO ExecutionServicer::run:ExecutionServicer::spawn_execution{wait_execution_completion=false}: execution_wrapper::service: close time.busy=5.17ms time.idle=73.0s
2025-06-20T10:54:35.891263Z  INFO ExecutionServicer::run: execution_wrapper::service: close time.busy=5.24ms time.idle=73.0s
2025-06-20T10:54:35.891271Z  INFO Execution::wait_for_completion: execution_wrapper::execution: close time.busy=1.06ms time.idle=73.0s
2025-06-20T10:54:35.891280Z  INFO execution_wrapper::execution: process execution completed
