2025-06-20T10:52:59.917897Z  INFO telemetry: job_telemetry_init artifact_type=installed branch=origin/adac75962930155e747d4911e0ed9de487322c89 ci_number=20250523.1 ci_name=CommonRuntime-RuntimeTeam-Linux-Prod-Build build_time=2025-05-23 10:44:46.914500
2025-06-20T10:52:59.918077Z  INFO load_config_from_env: lifecycler::config: Resolved grpc addresses lifecycler_address=/tmp/azureml/cr/j/045c97bb44e8410ab037d2b171b585e1/.grpc/lifecycler:0 executor_address=/tmp/azureml/cr/j/045c97bb44e8410ab037d2b171b585e1/.grpc/executor:0
2025-06-20T10:52:59.918261Z  INFO load_config_from_env:load_capability_addresses_from_env{capability_endpoints_from_config={"CS_CAPABILITY": CapabilityEndpoint { name: "CS_CAPABILITY", address: "/tmp/azureml/cr/j/045c97bb44e8410ab037d2b171b585e1/.grpc/cs-capability:0", type: Service }, "DATA_CAPABILITY": CapabilityEndpoint { name: "DATA_CAPABILITY", address: "/tmp/azureml/cr/j/045c97bb44e8410ab037d2b171b585e1/.grpc/data-capability:0", type: Service }, "HOSTTOOLS_CAPABILITY": CapabilityEndpoint { name: "HOSTTOOLS_CAPABILITY", address: "/tmp/azureml/cr/j/045c97bb44e8410ab037d2b171b585e1/.grpc/hosttools-capability:0", type: Service }, "SNAPSHOT_CAPABILITY": CapabilityEndpoint { name: "SNAPSHOT_CAPABILITY", address: "/tmp/azureml/cr/j/045c97bb44e8410ab037d2b171b585e1/.grpc/snapshot-capability:0", type: Service }}}: lifecycler::config: close time.busy=125µs time.idle=13.6µs
2025-06-20T10:52:59.918294Z  INFO load_config_from_env: lifecycler::config: close time.busy=338µs time.idle=11.9µs
2025-06-20T10:52:59.918311Z  WARN run_lifecycler: telemetry::otel::extractors::environment: Failed to set_context_from_env, env var `traceparent` is missing.
2025-06-20T10:52:59.918347Z  WARN run_lifecycler:run_service_and_step_through_lifecycle: cr_core::config: remote grpc is not specified, nullifying remote grpc address distributed_config=DistributedConfig { rank: EnvName("VK_TASK_INDEX"), host_list: [], remote_grpc: None, batch_leader_port: Some(6105), is_distributed_parallel_task: None, disable_fatal_ongoing_ssh_check_failure: false }
2025-06-20T10:52:59.918367Z  INFO run_lifecycler:run_service_and_step_through_lifecycle: lifecycler::lifecycle: setup distributed training for node distributed_config=DistributedConfig { rank: EnvName("VK_TASK_INDEX"), host_list: [], remote_grpc: None, batch_leader_port: Some(6105), is_distributed_parallel_task: None, disable_fatal_ongoing_ssh_check_failure: false } coordination_needed=false
2025-06-20T10:52:59.918382Z  INFO run_lifecycler:run_service_and_step_through_lifecycle: lifecycler::lifecycle: coordination is not needed, skip setting up distributed barrier distributed_config=DistributedConfig { rank: EnvName("VK_TASK_INDEX"), host_list: [], remote_grpc: None, batch_leader_port: Some(6105), is_distributed_parallel_task: None, disable_fatal_ongoing_ssh_check_failure: false } coordination_needed=false
2025-06-20T10:52:59.918414Z  INFO run_lifecycler:run_service_and_step_through_lifecycle: lifecycler::lifecycle: Trying to configure lifecycler to handle termination signals
2025-06-20T10:52:59.918444Z  INFO run_lifecycler:run_service_and_step_through_lifecycle: lifecycler::lifecycle: Successfully configured lifecycler to handle termination signals with abort lifecycler
2025-06-20T10:52:59.918500Z  INFO Lifecycler::run_service{lifecycler_abort_state_writer=Some(LifecyclerAbortStateWriter { lifecycler_wd: "/tmp/azureml/cr/j/045c97bb44e8410ab037d2b171b585e1/cap/lifecycler/wd" })}: lifecycler::service: serving lifecycle service address=/tmp/azureml/cr/j/045c97bb44e8410ab037d2b171b585e1/.grpc/lifecycler:0
2025-06-20T10:52:59.918561Z  INFO run_lifecycler:run_service_and_step_through_lifecycle:step_through_lifecycle:connect_capabilities:connect: grpc_utils::endpoint::connect: Connecting to gRPC service endpoint=Uds("/tmp/azureml/cr/j/045c97bb44e8410ab037d2b171b585e1/.grpc/cs-capability:0") retry=FixedIntervalRetry { attempt_timeout_millis: 50, retry_delay_millis: 10, max_duration: 7200s }
2025-06-20T10:52:59.918637Z  INFO Lifecycler::run_service{lifecycler_abort_state_writer=Some(LifecyclerAbortStateWriter { lifecycler_wd: "/tmp/azureml/cr/j/045c97bb44e8410ab037d2b171b585e1/cap/lifecycler/wd" })}:serve_more: grpc_utils::endpoint::serve: serving gRPC service endpoint=Uds("/tmp/azureml/cr/j/045c97bb44e8410ab037d2b171b585e1/.grpc/lifecycler:0") retry=ExponentialBackoffRetry { retry_delay_secs: 2, delay_factor: 1000, num_retries: 3 }
2025-06-20T10:53:04.843484Z  INFO run_lifecycler:run_service_and_step_through_lifecycle:step_through_lifecycle:connect_capabilities:connect: grpc_utils::endpoint::connect: Successfully connected to gRPC service endpoint=Uds("/tmp/azureml/cr/j/045c97bb44e8410ab037d2b171b585e1/.grpc/cs-capability:0")
2025-06-20T10:53:04.843545Z  INFO run_lifecycler:run_service_and_step_through_lifecycle:step_through_lifecycle:connect_capabilities:connect: grpc_utils::endpoint::connect: close time.busy=344ms time.idle=4.58s
2025-06-20T10:53:04.843656Z  INFO run_lifecycler:run_service_and_step_through_lifecycle:step_through_lifecycle:connect_capabilities:connect: grpc_utils::endpoint::connect: Connecting to gRPC service endpoint=Uds("/tmp/azureml/cr/j/045c97bb44e8410ab037d2b171b585e1/.grpc/cs-capability:0") retry=FixedIntervalRetry { attempt_timeout_millis: 50, retry_delay_millis: 10, max_duration: 7200s }
2025-06-20T10:53:04.843790Z  INFO run_lifecycler:run_service_and_step_through_lifecycle:step_through_lifecycle:connect_capabilities:connect: grpc_utils::endpoint::connect: Successfully connected to gRPC service endpoint=Uds("/tmp/azureml/cr/j/045c97bb44e8410ab037d2b171b585e1/.grpc/cs-capability:0")
2025-06-20T10:53:04.843806Z  INFO run_lifecycler:run_service_and_step_through_lifecycle:step_through_lifecycle:connect_capabilities:connect: grpc_utils::endpoint::connect: close time.busy=91.7µs time.idle=65.5µs
2025-06-20T10:53:04.843826Z  INFO run_lifecycler:run_service_and_step_through_lifecycle:step_through_lifecycle:connect_capabilities:wait_for_service_healthy: lifecycler::health_monitor: Waiting for service to become healthy: CS_CAPABILITY service_name=CS_CAPABILITY timeout=30s
2025-06-20T10:53:04.843847Z  WARN run_lifecycler:run_service_and_step_through_lifecycle:step_through_lifecycle:connect_capabilities:wait_for_service_healthy: grpc_utils::span: failed to inject span context to grpc request
2025-06-20T10:53:04.845312Z  INFO run_lifecycler:run_service_and_step_through_lifecycle:step_through_lifecycle:connect_capabilities:wait_for_service_healthy: lifecycler::health_client: Health status for service: CS_CAPABILITY service_name=CS_CAPABILITY health_status=1
2025-06-20T10:53:04.845344Z  INFO run_lifecycler:run_service_and_step_through_lifecycle:step_through_lifecycle:connect_capabilities:wait_for_service_healthy: lifecycler::health_monitor: Service has become healthy service_name=CS_CAPABILITY
2025-06-20T10:53:04.845360Z  INFO run_lifecycler:run_service_and_step_through_lifecycle:step_through_lifecycle:connect_capabilities:wait_for_service_healthy: lifecycler::health_monitor: close time.busy=165µs time.idle=1.37ms
2025-06-20T10:53:04.845420Z  INFO run_lifecycler:run_service_and_step_through_lifecycle:step_through_lifecycle:connect_capabilities:connect: grpc_utils::endpoint::connect: Connecting to gRPC service endpoint=Uds("/tmp/azureml/cr/j/045c97bb44e8410ab037d2b171b585e1/.grpc/data-capability:0") retry=FixedIntervalRetry { attempt_timeout_millis: 50, retry_delay_millis: 10, max_duration: 7200s }
2025-06-20T10:53:04.845565Z  INFO run_lifecycler:run_service_and_step_through_lifecycle:step_through_lifecycle:connect_capabilities:connect: grpc_utils::endpoint::connect: Successfully connected to gRPC service endpoint=Uds("/tmp/azureml/cr/j/045c97bb44e8410ab037d2b171b585e1/.grpc/data-capability:0")
2025-06-20T10:53:04.845586Z  INFO run_lifecycler:run_service_and_step_through_lifecycle:step_through_lifecycle:connect_capabilities:connect: grpc_utils::endpoint::connect: close time.busy=124µs time.idle=45.5µs
2025-06-20T10:53:04.845644Z  INFO run_lifecycler:run_service_and_step_through_lifecycle:step_through_lifecycle:connect_capabilities:connect: grpc_utils::endpoint::connect: Connecting to gRPC service endpoint=Uds("/tmp/azureml/cr/j/045c97bb44e8410ab037d2b171b585e1/.grpc/data-capability:0") retry=FixedIntervalRetry { attempt_timeout_millis: 50, retry_delay_millis: 10, max_duration: 7200s }
2025-06-20T10:53:04.845747Z  INFO run_lifecycler:run_service_and_step_through_lifecycle:step_through_lifecycle:connect_capabilities:connect: grpc_utils::endpoint::connect: Successfully connected to gRPC service endpoint=Uds("/tmp/azureml/cr/j/045c97bb44e8410ab037d2b171b585e1/.grpc/data-capability:0")
2025-06-20T10:53:04.845762Z  INFO run_lifecycler:run_service_and_step_through_lifecycle:step_through_lifecycle:connect_capabilities:connect: grpc_utils::endpoint::connect: close time.busy=75.1µs time.idle=45.2µs
2025-06-20T10:53:04.845772Z  INFO run_lifecycler:run_service_and_step_through_lifecycle:step_through_lifecycle:connect_capabilities:wait_for_service_healthy: lifecycler::health_monitor: Waiting for service to become healthy: DATA_CAPABILITY service_name=DATA_CAPABILITY timeout=30s
2025-06-20T10:53:04.845788Z  WARN run_lifecycler:run_service_and_step_through_lifecycle:step_through_lifecycle:connect_capabilities:wait_for_service_healthy: grpc_utils::span: failed to inject span context to grpc request
2025-06-20T10:53:04.847485Z  INFO run_lifecycler:run_service_and_step_through_lifecycle:step_through_lifecycle:connect_capabilities:wait_for_service_healthy: lifecycler::health_client: Health status for service: DATA_CAPABILITY service_name=DATA_CAPABILITY health_status=1
2025-06-20T10:53:04.847508Z  INFO run_lifecycler:run_service_and_step_through_lifecycle:step_through_lifecycle:connect_capabilities:wait_for_service_healthy: lifecycler::health_monitor: Service has become healthy service_name=DATA_CAPABILITY
2025-06-20T10:53:04.847519Z  INFO run_lifecycler:run_service_and_step_through_lifecycle:step_through_lifecycle:connect_capabilities:wait_for_service_healthy: lifecycler::health_monitor: close time.busy=103µs time.idle=1.64ms
2025-06-20T10:53:04.847569Z  INFO run_lifecycler:run_service_and_step_through_lifecycle:step_through_lifecycle:connect_capabilities:connect: grpc_utils::endpoint::connect: Connecting to gRPC service endpoint=Uds("/tmp/azureml/cr/j/045c97bb44e8410ab037d2b171b585e1/.grpc/hosttools-capability:0") retry=FixedIntervalRetry { attempt_timeout_millis: 50, retry_delay_millis: 10, max_duration: 7200s }
2025-06-20T10:53:05.668220Z  INFO run_lifecycler:run_service_and_step_through_lifecycle:step_through_lifecycle:connect_capabilities:connect: grpc_utils::endpoint::connect: Successfully connected to gRPC service endpoint=Uds("/tmp/azureml/cr/j/045c97bb44e8410ab037d2b171b585e1/.grpc/hosttools-capability:0")
2025-06-20T10:53:05.668280Z  INFO run_lifecycler:run_service_and_step_through_lifecycle:step_through_lifecycle:connect_capabilities:connect: grpc_utils::endpoint::connect: close time.busy=110ms time.idle=710ms
2025-06-20T10:53:05.668383Z  INFO run_lifecycler:run_service_and_step_through_lifecycle:step_through_lifecycle:connect_capabilities:connect: grpc_utils::endpoint::connect: Connecting to gRPC service endpoint=Uds("/tmp/azureml/cr/j/045c97bb44e8410ab037d2b171b585e1/.grpc/hosttools-capability:0") retry=FixedIntervalRetry { attempt_timeout_millis: 50, retry_delay_millis: 10, max_duration: 7200s }
2025-06-20T10:53:05.668538Z  INFO run_lifecycler:run_service_and_step_through_lifecycle:step_through_lifecycle:connect_capabilities:connect: grpc_utils::endpoint::connect: Successfully connected to gRPC service endpoint=Uds("/tmp/azureml/cr/j/045c97bb44e8410ab037d2b171b585e1/.grpc/hosttools-capability:0")
2025-06-20T10:53:05.668560Z  INFO run_lifecycler:run_service_and_step_through_lifecycle:step_through_lifecycle:connect_capabilities:connect: grpc_utils::endpoint::connect: close time.busy=125µs time.idle=58.4µs
2025-06-20T10:53:05.668574Z  INFO run_lifecycler:run_service_and_step_through_lifecycle:step_through_lifecycle:connect_capabilities:wait_for_service_healthy: lifecycler::health_monitor: Waiting for service to become healthy: HOSTTOOLS_CAPABILITY service_name=HOSTTOOLS_CAPABILITY timeout=30s
2025-06-20T10:53:05.668602Z  WARN run_lifecycler:run_service_and_step_through_lifecycle:step_through_lifecycle:connect_capabilities:wait_for_service_healthy: grpc_utils::span: failed to inject span context to grpc request
2025-06-20T10:53:05.669235Z  INFO run_lifecycler:run_service_and_step_through_lifecycle:step_through_lifecycle:connect_capabilities:wait_for_service_healthy: lifecycler::health_client: Health status for service: HOSTTOOLS_CAPABILITY service_name=HOSTTOOLS_CAPABILITY health_status=1
2025-06-20T10:53:05.669257Z  INFO run_lifecycler:run_service_and_step_through_lifecycle:step_through_lifecycle:connect_capabilities:wait_for_service_healthy: lifecycler::health_monitor: Service has become healthy service_name=HOSTTOOLS_CAPABILITY
2025-06-20T10:53:05.669269Z  INFO run_lifecycler:run_service_and_step_through_lifecycle:step_through_lifecycle:connect_capabilities:wait_for_service_healthy: lifecycler::health_monitor: close time.busy=131µs time.idle=568µs
2025-06-20T10:53:05.669346Z  INFO run_lifecycler:run_service_and_step_through_lifecycle:step_through_lifecycle:connect_capabilities:connect: grpc_utils::endpoint::connect: Connecting to gRPC service endpoint=Uds("/tmp/azureml/cr/j/045c97bb44e8410ab037d2b171b585e1/.grpc/snapshot-capability:0") retry=FixedIntervalRetry { attempt_timeout_millis: 50, retry_delay_millis: 10, max_duration: 7200s }
2025-06-20T10:53:05.669463Z  INFO run_lifecycler:run_service_and_step_through_lifecycle:step_through_lifecycle:connect_capabilities:connect: grpc_utils::endpoint::connect: Successfully connected to gRPC service endpoint=Uds("/tmp/azureml/cr/j/045c97bb44e8410ab037d2b171b585e1/.grpc/snapshot-capability:0")
2025-06-20T10:53:05.669484Z  INFO run_lifecycler:run_service_and_step_through_lifecycle:step_through_lifecycle:connect_capabilities:connect: grpc_utils::endpoint::connect: close time.busy=110µs time.idle=30.2µs
2025-06-20T10:53:05.669539Z  INFO run_lifecycler:run_service_and_step_through_lifecycle:step_through_lifecycle:connect_capabilities:connect: grpc_utils::endpoint::connect: Connecting to gRPC service endpoint=Uds("/tmp/azureml/cr/j/045c97bb44e8410ab037d2b171b585e1/.grpc/snapshot-capability:0") retry=FixedIntervalRetry { attempt_timeout_millis: 50, retry_delay_millis: 10, max_duration: 7200s }
2025-06-20T10:53:05.669661Z  INFO run_lifecycler:run_service_and_step_through_lifecycle:step_through_lifecycle:connect_capabilities:connect: grpc_utils::endpoint::connect: Successfully connected to gRPC service endpoint=Uds("/tmp/azureml/cr/j/045c97bb44e8410ab037d2b171b585e1/.grpc/snapshot-capability:0")
2025-06-20T10:53:05.669683Z  INFO run_lifecycler:run_service_and_step_through_lifecycle:step_through_lifecycle:connect_capabilities:connect: grpc_utils::endpoint::connect: close time.busy=92.3µs time.idle=53.5µs
2025-06-20T10:53:05.669697Z  INFO run_lifecycler:run_service_and_step_through_lifecycle:step_through_lifecycle:connect_capabilities:wait_for_service_healthy: lifecycler::health_monitor: Waiting for service to become healthy: SNAPSHOT_CAPABILITY service_name=SNAPSHOT_CAPABILITY timeout=30s
2025-06-20T10:53:05.669717Z  WARN run_lifecycler:run_service_and_step_through_lifecycle:step_through_lifecycle:connect_capabilities:wait_for_service_healthy: grpc_utils::span: failed to inject span context to grpc request
2025-06-20T10:53:05.670085Z  INFO run_lifecycler:run_service_and_step_through_lifecycle:step_through_lifecycle:connect_capabilities:wait_for_service_healthy: lifecycler::health_client: Health status for service: SNAPSHOT_CAPABILITY service_name=SNAPSHOT_CAPABILITY health_status=1
2025-06-20T10:53:05.670109Z  INFO run_lifecycler:run_service_and_step_through_lifecycle:step_through_lifecycle:connect_capabilities:wait_for_service_healthy: lifecycler::health_monitor: Service has become healthy service_name=SNAPSHOT_CAPABILITY
2025-06-20T10:53:05.670122Z  INFO run_lifecycler:run_service_and_step_through_lifecycle:step_through_lifecycle:connect_capabilities:wait_for_service_healthy: lifecycler::health_monitor: close time.busy=98.8µs time.idle=330µs
2025-06-20T10:53:05.670148Z  INFO run_lifecycler:run_service_and_step_through_lifecycle:step_through_lifecycle:connect_capabilities: lifecycler::lifecycle: close time.busy=458ms time.idle=5.29s
2025-06-20T10:53:05.670165Z  WARN run_lifecycler:run_service_and_step_through_lifecycle:step_through_lifecycle:start_capabilities:start{name="CS_CAPABILITY"}: grpc_utils::span: failed to inject span context to grpc request
2025-06-20T10:53:05.670189Z  WARN run_lifecycler:run_service_and_step_through_lifecycle:step_through_lifecycle:start_capabilities:start{name="DATA_CAPABILITY"}: grpc_utils::span: failed to inject span context to grpc request
2025-06-20T10:53:05.670191Z  WARN grpc_utils::span: failed to inject span context to grpc request
2025-06-20T10:53:05.670211Z  WARN run_lifecycler:run_service_and_step_through_lifecycle:step_through_lifecycle:start_capabilities:start{name="HOSTTOOLS_CAPABILITY"}: grpc_utils::span: failed to inject span context to grpc request
2025-06-20T10:53:05.670233Z  WARN run_lifecycler:run_service_and_step_through_lifecycle:step_through_lifecycle:start_capabilities:start{name="SNAPSHOT_CAPABILITY"}: grpc_utils::span: failed to inject span context to grpc request
2025-06-20T10:53:05.670234Z  WARN grpc_utils::span: failed to inject span context to grpc request
2025-06-20T10:53:05.670250Z  WARN grpc_utils::span: failed to inject span context to grpc request
2025-06-20T10:53:05.670261Z  WARN grpc_utils::span: failed to inject span context to grpc request
2025-06-20T10:53:05.670942Z  INFO run_lifecycler:run_service_and_step_through_lifecycle:step_through_lifecycle:start_capabilities:start{name="HOSTTOOLS_CAPABILITY"}: lifecycler::capability_client: Received success code for start cap_name=HOSTTOOLS_CAPABILITY
2025-06-20T10:53:05.670961Z  INFO run_lifecycler:run_service_and_step_through_lifecycle:step_through_lifecycle:start_capabilities:start{name="HOSTTOOLS_CAPABILITY"}: lifecycler::capability_client: close time.busy=70.0µs time.idle=682µs
2025-06-20T10:53:05.712150Z  INFO run_lifecycler:run_service_and_step_through_lifecycle:step_through_lifecycle:start_capabilities:start{name="CS_CAPABILITY"}: lifecycler::capability_client: Received success code for start cap_name=CS_CAPABILITY
2025-06-20T10:53:05.712191Z  INFO run_lifecycler:run_service_and_step_through_lifecycle:step_through_lifecycle:start_capabilities:start{name="CS_CAPABILITY"}: lifecycler::capability_client: close time.busy=118µs time.idle=41.9ms
2025-06-20T10:53:20.621254Z  INFO run_lifecycler:run_service_and_step_through_lifecycle:step_through_lifecycle:start_capabilities:start{name="SNAPSHOT_CAPABILITY"}: lifecycler::capability_client: Received success code for start cap_name=SNAPSHOT_CAPABILITY
2025-06-20T10:53:20.621346Z  INFO run_lifecycler:run_service_and_step_through_lifecycle:step_through_lifecycle:start_capabilities:start{name="SNAPSHOT_CAPABILITY"}: lifecycler::capability_client: close time.busy=362µs time.idle=15.0s
2025-06-20T10:53:22.896057Z  INFO run_lifecycler:run_service_and_step_through_lifecycle:step_through_lifecycle:start_capabilities:start{name="DATA_CAPABILITY"}: lifecycler::capability_client: Received success code for start cap_name=DATA_CAPABILITY
2025-06-20T10:53:22.896145Z  INFO run_lifecycler:run_service_and_step_through_lifecycle:step_through_lifecycle:start_capabilities:start{name="DATA_CAPABILITY"}: lifecycler::capability_client: close time.busy=259µs time.idle=17.2s
2025-06-20T10:53:22.896173Z  INFO run_lifecycler:run_service_and_step_through_lifecycle:step_through_lifecycle:start_capabilities: lifecycler::lifecycle: close time.busy=882µs time.idle=17.2s
2025-06-20T10:53:22.896218Z  INFO run_lifecycler:run_service_and_step_through_lifecycle:step_through_lifecycle:exit_capabilities{cap_type=Operation job_result=JobResult { job_status: Succeeded, error: None }}: lifecycler::lifecycle: close time.busy=2.63µs time.idle=17.1µs
2025-06-20T10:53:22.896226Z  INFO run_lifecycler:run_service_and_step_through_lifecycle:step_through_lifecycle: lifecycler::lifecycle: exited operation caps: true
2025-06-20T10:53:22.896344Z  INFO run_lifecycler:run_service_and_step_through_lifecycle:step_through_lifecycle:connect_executor:connect:connect: grpc_utils::endpoint::connect: Connecting to gRPC service endpoint=Uds("/tmp/azureml/cr/j/045c97bb44e8410ab037d2b171b585e1/.grpc/executor:0") retry=FixedIntervalRetry { attempt_timeout_millis: 50, retry_delay_millis: 10, max_duration: 7200s }
2025-06-20T10:53:22.896673Z  INFO run_lifecycler:run_service_and_step_through_lifecycle:step_through_lifecycle:connect_executor:connect:connect: grpc_utils::endpoint::connect: Successfully connected to gRPC service endpoint=Uds("/tmp/azureml/cr/j/045c97bb44e8410ab037d2b171b585e1/.grpc/executor:0")
2025-06-20T10:53:22.896696Z  INFO run_lifecycler:run_service_and_step_through_lifecycle:step_through_lifecycle:connect_executor:connect:connect: grpc_utils::endpoint::connect: close time.busy=234µs time.idle=120µs
2025-06-20T10:53:22.896708Z  INFO run_lifecycler:run_service_and_step_through_lifecycle:step_through_lifecycle:connect_executor:connect: lifecycler::executor_client: close time.busy=326µs time.idle=119µs
2025-06-20T10:53:22.896767Z  INFO run_lifecycler:run_service_and_step_through_lifecycle:step_through_lifecycle:connect_executor:connect:connect: grpc_utils::endpoint::connect: Connecting to gRPC service endpoint=Uds("/tmp/azureml/cr/j/045c97bb44e8410ab037d2b171b585e1/.grpc/executor:0") retry=FixedIntervalRetry { attempt_timeout_millis: 50, retry_delay_millis: 10, max_duration: 7200s }
2025-06-20T10:53:22.896978Z  INFO run_lifecycler:run_service_and_step_through_lifecycle:step_through_lifecycle:connect_executor:connect:connect: grpc_utils::endpoint::connect: Successfully connected to gRPC service endpoint=Uds("/tmp/azureml/cr/j/045c97bb44e8410ab037d2b171b585e1/.grpc/executor:0")
2025-06-20T10:53:22.897012Z  INFO run_lifecycler:run_service_and_step_through_lifecycle:step_through_lifecycle:connect_executor:connect:connect: grpc_utils::endpoint::connect: close time.busy=192µs time.idle=53.8µs
2025-06-20T10:53:22.897020Z  INFO run_lifecycler:run_service_and_step_through_lifecycle:step_through_lifecycle:connect_executor:connect: lifecycler::executor_client: close time.busy=254µs time.idle=53.1µs
2025-06-20T10:53:22.897082Z  INFO run_lifecycler:run_service_and_step_through_lifecycle:step_through_lifecycle:connect_executor:connect: grpc_utils::endpoint::connect: Connecting to gRPC service endpoint=Uds("/tmp/azureml/cr/j/045c97bb44e8410ab037d2b171b585e1/.grpc/executor:0") retry=FixedIntervalRetry { attempt_timeout_millis: 50, retry_delay_millis: 10, max_duration: 7200s }
2025-06-20T10:53:22.897669Z  INFO run_lifecycler:run_service_and_step_through_lifecycle:step_through_lifecycle:connect_executor:connect: grpc_utils::endpoint::connect: Successfully connected to gRPC service endpoint=Uds("/tmp/azureml/cr/j/045c97bb44e8410ab037d2b171b585e1/.grpc/executor:0")
2025-06-20T10:53:22.897700Z  INFO run_lifecycler:run_service_and_step_through_lifecycle:step_through_lifecycle:connect_executor:connect: grpc_utils::endpoint::connect: close time.busy=162µs time.idle=459µs
2025-06-20T10:53:22.897714Z  INFO run_lifecycler:run_service_and_step_through_lifecycle:step_through_lifecycle:connect_executor:wait_for_service_healthy: lifecycler::health_monitor: Waiting for service to become healthy: Executor service_name=Executor timeout=30s
2025-06-20T10:53:22.897748Z  WARN run_lifecycler:run_service_and_step_through_lifecycle:step_through_lifecycle:connect_executor:wait_for_service_healthy: grpc_utils::span: failed to inject span context to grpc request
2025-06-20T10:53:22.898442Z  INFO run_lifecycler:run_service_and_step_through_lifecycle:step_through_lifecycle:connect_executor:wait_for_service_healthy: lifecycler::health_client: Health status for service: Executor service_name=Executor health_status=1
2025-06-20T10:53:22.898463Z  INFO run_lifecycler:run_service_and_step_through_lifecycle:step_through_lifecycle:connect_executor:wait_for_service_healthy: lifecycler::health_monitor: Service has become healthy service_name=Executor
2025-06-20T10:53:22.898475Z  INFO run_lifecycler:run_service_and_step_through_lifecycle:step_through_lifecycle:connect_executor:wait_for_service_healthy: lifecycler::health_monitor: close time.busy=130µs time.idle=633µs
2025-06-20T10:53:22.898482Z  INFO run_lifecycler:run_service_and_step_through_lifecycle:step_through_lifecycle:connect_executor: lifecycler::lifecycle: close time.busy=968µs time.idle=1.27ms
2025-06-20T10:53:22.898494Z  INFO run_lifecycler:run_service_and_step_through_lifecycle:step_through_lifecycle:connect_lifecyclers{lifecycler_addresses=None}: lifecycler::lifecycle: close time.busy=480ns time.idle=2.95µs
2025-06-20T10:53:22.898536Z  INFO run_lifecycler:run_service_and_step_through_lifecycle:step_through_lifecycle:execute: lifecycler::lifecycle: entering phase rank=Some(0) phase=0 is_leader=true entered_phases=false
2025-06-20T10:53:22.898557Z  INFO run_lifecycler:run_service_and_step_through_lifecycle:step_through_lifecycle:execute:barrier_sync: lifecycler::lifecycle: close time.busy=360ns time.idle=1.72µs
2025-06-20T10:53:22.898621Z  INFO run_lifecycler:run_service_and_step_through_lifecycle:step_through_lifecycle:execute: lifecycler::lifecycle: Successfully got AzureML Context from environment, updating Run History with new run attempt
2025-06-20T10:53:22.898632Z  WARN run_lifecycler:run_service_and_step_through_lifecycle:step_through_lifecycle:execute: lifecycler::lifecycle: Skip updating run_attempt since cannot find AZUREML_CR_ENABLE_RUN_ATTEMPT_COUNT_BY_RUN_HISTORY from environment
2025-06-20T10:53:22.898658Z  INFO run_lifecycler:run_service_and_step_through_lifecycle:step_through_lifecycle:execute: lifecycler::lifecycle: starting phase execution rank=Some(0) phase=0
2025-06-20T10:53:22.898674Z  INFO run_lifecycler:run_service_and_step_through_lifecycle:step_through_lifecycle:execute: lifecycler::lifecycle: executing phase commands rank=Some(0) phase=0
2025-06-20T10:53:22.898691Z  INFO run_lifecycler:run_service_and_step_through_lifecycle:step_through_lifecycle:execute:executor_client::execute_commands{lifecycle_address="/tmp/azureml/cr/j/045c97bb44e8410ab037d2b171b585e1/.grpc/lifecycler:0" scheduling=None debug_mode=None}: lifecycler::executor_client: Executing commands
2025-06-20T10:53:22.898730Z  WARN run_lifecycler:run_service_and_step_through_lifecycle:step_through_lifecycle:execute:executor_client::execute_commands{lifecycle_address="/tmp/azureml/cr/j/045c97bb44e8410ab037d2b171b585e1/.grpc/lifecycler:0" scheduling=None debug_mode=None}:executor_client::start_execution{lifecycler_address="/tmp/azureml/cr/j/045c97bb44e8410ab037d2b171b585e1/.grpc/lifecycler:0" debug_mode=None commands_f=Command(Command { executable: Shell { path: None, command: "set -o pipefail; source /amlarc-scripts/bootstrap_common_runtime.sh 2>&1", success_return_code: Zero { additional_codes: [] } }, stderr: None, stdout: Some("user_logs/bootstrap_${AZUREML_CR_NODE_RANK}.txt") }) path_mappings_f={}}: grpc_utils::span: failed to inject span context to grpc request
2025-06-20T10:53:22.898742Z  INFO run_lifecycler:run_service_and_step_through_lifecycle:step_through_lifecycle:execute:executor_client::execute_commands{lifecycle_address="/tmp/azureml/cr/j/045c97bb44e8410ab037d2b171b585e1/.grpc/lifecycler:0" scheduling=None debug_mode=None}:executor_client::start_execution{lifecycler_address="/tmp/azureml/cr/j/045c97bb44e8410ab037d2b171b585e1/.grpc/lifecycler:0" debug_mode=None commands_f=Command(Command { executable: Shell { path: None, command: "set -o pipefail; source /amlarc-scripts/bootstrap_common_runtime.sh 2>&1", success_return_code: Zero { additional_codes: [] } }, stderr: None, stdout: Some("user_logs/bootstrap_${AZUREML_CR_NODE_RANK}.txt") }) path_mappings_f={}}: lifecycler::executor_client: Starting execution execution_id=634c58e2-bc86-4cde-885d-bc78572bfe58 lifecycler_address=/tmp/azureml/cr/j/045c97bb44e8410ab037d2b171b585e1/.grpc/lifecycler:0
2025-06-20T10:53:22.909294Z  INFO run_lifecycler:run_service_and_step_through_lifecycle:step_through_lifecycle:execute:executor_client::execute_commands{lifecycle_address="/tmp/azureml/cr/j/045c97bb44e8410ab037d2b171b585e1/.grpc/lifecycler:0" scheduling=None debug_mode=None}:executor_client::start_execution{lifecycler_address="/tmp/azureml/cr/j/045c97bb44e8410ab037d2b171b585e1/.grpc/lifecycler:0" debug_mode=None commands_f=Command(Command { executable: Shell { path: None, command: "set -o pipefail; source /amlarc-scripts/bootstrap_common_runtime.sh 2>&1", success_return_code: Zero { additional_codes: [] } }, stderr: None, stdout: Some("user_logs/bootstrap_${AZUREML_CR_NODE_RANK}.txt") }) path_mappings_f={}}: lifecycler::executor_client: close time.busy=128µs time.idle=10.5ms
2025-06-20T10:53:22.909314Z  INFO run_lifecycler:run_service_and_step_through_lifecycle:step_through_lifecycle:execute:executor_client::execute_commands{lifecycle_address="/tmp/azureml/cr/j/045c97bb44e8410ab037d2b171b585e1/.grpc/lifecycler:0" scheduling=None debug_mode=None}: lifecycler::executor_client: Waiting for execution completion execution_id="634c58e2-bc86-4cde-885d-bc78572bfe58"
2025-06-20T10:53:22.923202Z  INFO ExecutionCallbackServicer::complete_execution: grpc_utils::server: Got grpc request request_name="complete_execution" remote_addr=None
2025-06-20T10:53:22.923253Z  INFO ExecutionCallbackServicer::complete_execution: lifecycler::service: close time.busy=57.6µs time.idle=12.7µs
2025-06-20T10:53:22.923274Z  INFO run_lifecycler:run_service_and_step_through_lifecycle:step_through_lifecycle:execute:executor_client::execute_commands{lifecycle_address="/tmp/azureml/cr/j/045c97bb44e8410ab037d2b171b585e1/.grpc/lifecycler:0" scheduling=None debug_mode=None}:executor_client::wait_for_execution_completion{execution_id="634c58e2-bc86-4cde-885d-bc78572bfe58"}: lifecycler::executor_client: close time.busy=3.23µs time.idle=13.9ms
2025-06-20T10:53:22.923300Z  INFO run_lifecycler:run_service_and_step_through_lifecycle:step_through_lifecycle:execute:executor_client::execute_commands{lifecycle_address="/tmp/azureml/cr/j/045c97bb44e8410ab037d2b171b585e1/.grpc/lifecycler:0" scheduling=None debug_mode=None}: lifecycler::executor_client: Execution completed execution_id="634c58e2-bc86-4cde-885d-bc78572bfe58"
2025-06-20T10:53:22.923332Z  INFO run_lifecycler:run_service_and_step_through_lifecycle:step_through_lifecycle:execute:executor_client::execute_commands{lifecycle_address="/tmp/azureml/cr/j/045c97bb44e8410ab037d2b171b585e1/.grpc/lifecycler:0" scheduling=None debug_mode=None}: lifecycler::executor_client: close time.busy=235µs time.idle=24.4ms
2025-06-20T10:53:22.923346Z  INFO run_lifecycler:run_service_and_step_through_lifecycle:step_through_lifecycle:execute: lifecycler::lifecycle: phase execution completed. rank=Some(0) phase=0
2025-06-20T10:53:22.923369Z  INFO run_lifecycler:run_service_and_step_through_lifecycle:step_through_lifecycle:execute: lifecycler::lifecycle: entering phase rank=Some(0) phase=1 is_leader=true entered_phases=true
2025-06-20T10:53:22.923388Z  INFO run_lifecycler:run_service_and_step_through_lifecycle:step_through_lifecycle:execute:barrier_sync: lifecycler::lifecycle: close time.busy=260ns time.idle=3.08µs
2025-06-20T10:53:22.923417Z  INFO run_lifecycler:run_service_and_step_through_lifecycle:step_through_lifecycle:execute: lifecycler::lifecycle: starting phase execution rank=Some(0) phase=1
2025-06-20T10:53:22.923435Z  INFO run_lifecycler:run_service_and_step_through_lifecycle:step_through_lifecycle:execute: lifecycler::lifecycle: executing phase commands rank=Some(0) phase=1
2025-06-20T10:53:22.923464Z  INFO run_lifecycler:run_service_and_step_through_lifecycle:step_through_lifecycle:execute:executor_client::execute_commands{lifecycle_address="/tmp/azureml/cr/j/045c97bb44e8410ab037d2b171b585e1/.grpc/lifecycler:0" scheduling=None debug_mode=None}: lifecycler::executor_client: Executing commands
2025-06-20T10:53:22.923503Z  WARN run_lifecycler:run_service_and_step_through_lifecycle:step_through_lifecycle:execute:executor_client::execute_commands{lifecycle_address="/tmp/azureml/cr/j/045c97bb44e8410ab037d2b171b585e1/.grpc/lifecycler:0" scheduling=None debug_mode=None}:executor_client::start_execution{lifecycler_address="/tmp/azureml/cr/j/045c97bb44e8410ab037d2b171b585e1/.grpc/lifecycler:0" debug_mode=None commands_f=Command(Command { executable: Shell { path: None, command: "\npython evaluate.py --model_dir $AZUREML_DATAREFERENCE_model_dir --test_texts $AZUREML_DATAREFERENCE_test_texts --test_labels $AZUREML_DATAREFERENCE_test_labels --output_metrics $AZURE_ML_OUTPUT_metrics_json", success_return_code: Zero { additional_codes: [] } }, stderr: None, stdout: Some("user_logs/std_log.txt") }) path_mappings_f={}}: grpc_utils::span: failed to inject span context to grpc request
2025-06-20T10:53:22.923516Z  INFO run_lifecycler:run_service_and_step_through_lifecycle:step_through_lifecycle:execute:executor_client::execute_commands{lifecycle_address="/tmp/azureml/cr/j/045c97bb44e8410ab037d2b171b585e1/.grpc/lifecycler:0" scheduling=None debug_mode=None}:executor_client::start_execution{lifecycler_address="/tmp/azureml/cr/j/045c97bb44e8410ab037d2b171b585e1/.grpc/lifecycler:0" debug_mode=None commands_f=Command(Command { executable: Shell { path: None, command: "\npython evaluate.py --model_dir $AZUREML_DATAREFERENCE_model_dir --test_texts $AZUREML_DATAREFERENCE_test_texts --test_labels $AZUREML_DATAREFERENCE_test_labels --output_metrics $AZURE_ML_OUTPUT_metrics_json", success_return_code: Zero { additional_codes: [] } }, stderr: None, stdout: Some("user_logs/std_log.txt") }) path_mappings_f={}}: lifecycler::executor_client: Starting execution execution_id=5fa72efc-ce5a-4834-9b1f-4c287c904687 lifecycler_address=/tmp/azureml/cr/j/045c97bb44e8410ab037d2b171b585e1/.grpc/lifecycler:0
2025-06-20T10:53:22.929444Z  INFO run_lifecycler:run_service_and_step_through_lifecycle:step_through_lifecycle:execute:executor_client::execute_commands{lifecycle_address="/tmp/azureml/cr/j/045c97bb44e8410ab037d2b171b585e1/.grpc/lifecycler:0" scheduling=None debug_mode=None}:executor_client::start_execution{lifecycler_address="/tmp/azureml/cr/j/045c97bb44e8410ab037d2b171b585e1/.grpc/lifecycler:0" debug_mode=None commands_f=Command(Command { executable: Shell { path: None, command: "\npython evaluate.py --model_dir $AZUREML_DATAREFERENCE_model_dir --test_texts $AZUREML_DATAREFERENCE_test_texts --test_labels $AZUREML_DATAREFERENCE_test_labels --output_metrics $AZURE_ML_OUTPUT_metrics_json", success_return_code: Zero { additional_codes: [] } }, stderr: None, stdout: Some("user_logs/std_log.txt") }) path_mappings_f={}}: lifecycler::executor_client: close time.busy=104µs time.idle=5.86ms
2025-06-20T10:53:22.929459Z  INFO run_lifecycler:run_service_and_step_through_lifecycle:step_through_lifecycle:execute:executor_client::execute_commands{lifecycle_address="/tmp/azureml/cr/j/045c97bb44e8410ab037d2b171b585e1/.grpc/lifecycler:0" scheduling=None debug_mode=None}: lifecycler::executor_client: Waiting for execution completion execution_id="5fa72efc-ce5a-4834-9b1f-4c287c904687"
2025-06-20T10:53:45.674234Z  WARN grpc_utils::span: failed to inject span context to grpc request
2025-06-20T10:53:45.674305Z  WARN grpc_utils::span: failed to inject span context to grpc request
2025-06-20T10:53:45.674324Z  WARN grpc_utils::span: failed to inject span context to grpc request
2025-06-20T10:53:45.674333Z  WARN grpc_utils::span: failed to inject span context to grpc request
2025-06-20T10:53:45.674347Z  WARN grpc_utils::span: failed to inject span context to grpc request
2025-06-20T10:54:25.682162Z  WARN grpc_utils::span: failed to inject span context to grpc request
2025-06-20T10:54:25.682229Z  WARN grpc_utils::span: failed to inject span context to grpc request
2025-06-20T10:54:25.682249Z  WARN grpc_utils::span: failed to inject span context to grpc request
2025-06-20T10:54:25.682260Z  WARN grpc_utils::span: failed to inject span context to grpc request
2025-06-20T10:54:25.682271Z  WARN grpc_utils::span: failed to inject span context to grpc request
2025-06-20T10:54:35.890835Z  INFO ExecutionCallbackServicer::complete_execution: grpc_utils::server: Got grpc request request_name="complete_execution" remote_addr=None
2025-06-20T10:54:35.890903Z  INFO ExecutionCallbackServicer::complete_execution: lifecycler::service: close time.busy=72.7µs time.idle=13.8µs
2025-06-20T10:54:35.890951Z  INFO run_lifecycler:run_service_and_step_through_lifecycle:step_through_lifecycle:execute:executor_client::execute_commands{lifecycle_address="/tmp/azureml/cr/j/045c97bb44e8410ab037d2b171b585e1/.grpc/lifecycler:0" scheduling=None debug_mode=None}:executor_client::wait_for_execution_completion{execution_id="5fa72efc-ce5a-4834-9b1f-4c287c904687"}: lifecycler::executor_client: close time.busy=5.89µs time.idle=73.0s
2025-06-20T10:54:35.891001Z  INFO run_lifecycler:run_service_and_step_through_lifecycle:step_through_lifecycle:execute:executor_client::execute_commands{lifecycle_address="/tmp/azureml/cr/j/045c97bb44e8410ab037d2b171b585e1/.grpc/lifecycler:0" scheduling=None debug_mode=None}: lifecycler::executor_client: Execution completed execution_id="5fa72efc-ce5a-4834-9b1f-4c287c904687"
2025-06-20T10:54:35.891059Z  INFO run_lifecycler:run_service_and_step_through_lifecycle:step_through_lifecycle:execute:executor_client::execute_commands{lifecycle_address="/tmp/azureml/cr/j/045c97bb44e8410ab037d2b171b585e1/.grpc/lifecycler:0" scheduling=None debug_mode=None}: lifecycler::executor_client: close time.busy=270µs time.idle=73.0s
2025-06-20T10:54:35.891078Z  INFO run_lifecycler:run_service_and_step_through_lifecycle:step_through_lifecycle:execute: lifecycler::lifecycle: phase execution completed. rank=Some(0) phase=1
2025-06-20T10:54:35.891154Z  INFO run_lifecycler:run_service_and_step_through_lifecycle:step_through_lifecycle:execute: lifecycler::lifecycle: close time.busy=930µs time.idle=73.0s
2025-06-20T10:54:35.891239Z  WARN run_lifecycler:run_service_and_step_through_lifecycle:step_through_lifecycle:end_service_capabilities:end{name="CS_CAPABILITY"}: grpc_utils::span: failed to inject span context to grpc request
2025-06-20T10:54:35.891286Z  WARN run_lifecycler:run_service_and_step_through_lifecycle:step_through_lifecycle:end_service_capabilities:end{name="DATA_CAPABILITY"}: grpc_utils::span: failed to inject span context to grpc request
2025-06-20T10:54:35.891313Z  WARN run_lifecycler:run_service_and_step_through_lifecycle:step_through_lifecycle:end_service_capabilities:end{name="HOSTTOOLS_CAPABILITY"}: grpc_utils::span: failed to inject span context to grpc request
2025-06-20T10:54:35.891335Z  WARN run_lifecycler:run_service_and_step_through_lifecycle:step_through_lifecycle:end_service_capabilities:end{name="SNAPSHOT_CAPABILITY"}: grpc_utils::span: failed to inject span context to grpc request
2025-06-20T10:54:35.892190Z  INFO run_lifecycler:run_service_and_step_through_lifecycle:step_through_lifecycle:end_service_capabilities:end{name="SNAPSHOT_CAPABILITY"}: lifecycler::capability_client: Received success code for end cap_name=SNAPSHOT_CAPABILITY
2025-06-20T10:54:35.892232Z  INFO run_lifecycler:run_service_and_step_through_lifecycle:step_through_lifecycle:end_service_capabilities:end{name="SNAPSHOT_CAPABILITY"}: lifecycler::capability_client: close time.busy=100µs time.idle=800µs
2025-06-20T10:54:35.893513Z  INFO run_lifecycler:run_service_and_step_through_lifecycle:step_through_lifecycle:end_service_capabilities:end{name="CS_CAPABILITY"}: lifecycler::capability_client: Received success code for end cap_name=CS_CAPABILITY
2025-06-20T10:54:35.893550Z  INFO run_lifecycler:run_service_and_step_through_lifecycle:step_through_lifecycle:end_service_capabilities:end{name="CS_CAPABILITY"}: lifecycler::capability_client: close time.busy=117µs time.idle=2.20ms
