2025-06-20T10:31:23.015759Z  INFO telemetry: job_telemetry_init artifact_type=installed branch=origin/adac75962930155e747d4911e0ed9de487322c89 ci_number=20250523.1 ci_name=CommonRuntime-RuntimeTeam-Linux-Prod-Build build_time=2025-05-23 10:38:56.290864
2025-06-20T10:31:23.015808Z  WARN run_execution_wrapper: telemetry::otel::extractors::environment: Failed to set_context_from_env, env var `traceparent` is missing.
2025-06-20T10:31:23.018480Z  INFO run_execution_wrapper: execution_wrapper: Successfully dumped bootstrapping environment to file
2025-06-20T10:31:23.018501Z  INFO run_execution_wrapper: execution_wrapper: Enable std log streaming is not specified in executor configuration, default to not stream logs to stdout and stderr
2025-06-20T10:31:23.018509Z  INFO run_execution_wrapper: execution_wrapper: Enable termination signal handling is not specified in executor configuration, default to ignore termination signals
2025-06-20T10:31:23.018516Z  INFO run_execution_wrapper: execution_wrapper: Executor config not provided, certificates will not be updated.
2025-06-20T10:31:23.018549Z  INFO run_execution_wrapper:execution-wrapper::run_service{path_mapping_kind=None error_pattern_json_files_post_execution=None error_pattern_json_file_mid_execution=None enable_std_log_streaming=false skip_user_log_file_generation=false enable_termination_signal_handling=false}: execution_wrapper::service: serving execution service at executor_address=/tmp/azureml/cr/j/4a5bc1ada79f4f519de1c6dcf701f5a3/.grpc/executor:0
2025-06-20T10:31:23.018630Z  INFO run_execution_wrapper:execution-wrapper::run_service{path_mapping_kind=None error_pattern_json_files_post_execution=None error_pattern_json_file_mid_execution=None enable_std_log_streaming=false skip_user_log_file_generation=false enable_termination_signal_handling=false}: cr_core: Successfully configured current process to ignore termination signals
2025-06-20T10:31:23.018649Z  INFO run_execution_wrapper:execution-wrapper::run_service{path_mapping_kind=None error_pattern_json_files_post_execution=None error_pattern_json_file_mid_execution=None enable_std_log_streaming=false skip_user_log_file_generation=false enable_termination_signal_handling=false}:serve: grpc_utils::endpoint::serve: serving gRPC service endpoint=Uds("/tmp/azureml/cr/j/4a5bc1ada79f4f519de1c6dcf701f5a3/.grpc/executor:0") retry=ExponentialBackoffRetry { retry_delay_secs: 2, delay_factor: 1000, num_retries: 3 }
2025-06-20T10:31:31.994038Z  INFO ExecutionServicer::run: grpc_utils::server: Got grpc request request_name="run" remote_addr=None
2025-06-20T10:31:31.994110Z  INFO ExecutionServicer::run:ExecutionServicer::spawn_execution{wait_execution_completion=false}: execution_wrapper::service: spawn_execution request id="da85d9dd-ee95-441f-9f3a-3b3cd5aec00b" client_address=Some("/tmp/azureml/cr/j/4a5bc1ada79f4f519de1c6dcf701f5a3/.grpc/lifecycler:0")
2025-06-20T10:31:31.994142Z  INFO ExecutionServicer::run:ExecutionServicer::spawn_execution{wait_execution_completion=false}:inject_legacy_env_vars: execution_wrapper::legacy_env_vars: Setting legacy env vars from distributed config distributed_config=DistributedConfig { rank: EnvName("VK_TASK_INDEX"), host_list: [], remote_grpc: None, batch_leader_port: Some(6105), is_distributed_parallel_task: None, disable_fatal_ongoing_ssh_check_failure: false }
2025-06-20T10:31:31.994169Z  WARN ExecutionServicer::run:ExecutionServicer::spawn_execution{wait_execution_completion=false}:inject_legacy_env_vars: execution_wrapper::legacy_env_vars: Skip injecting legacy env vars, distributed config host list is empty, setting only the defaults distributed_config=DistributedConfig { rank: EnvName("VK_TASK_INDEX"), host_list: [], remote_grpc: None, batch_leader_port: Some(6105), is_distributed_parallel_task: None, disable_fatal_ongoing_ssh_check_failure: false }
2025-06-20T10:31:31.994185Z  INFO ExecutionServicer::run:ExecutionServicer::spawn_execution{wait_execution_completion=false}:inject_legacy_env_vars: execution_wrapper::legacy_env_vars: Injecting AZ_BATCHAI_JOB_WORK_DIR=/tmp/azureml/cr/j/4a5bc1ada79f4f519de1c6dcf701f5a3/exe/wd working_dir="/tmp/azureml/cr/j/4a5bc1ada79f4f519de1c6dcf701f5a3/exe/wd"
2025-06-20T10:31:31.994208Z  INFO ExecutionServicer::run:ExecutionServicer::spawn_execution{wait_execution_completion=false}:inject_legacy_env_vars: execution_wrapper::legacy_env_vars: Injecting AZUREML_PROCESS_NAME=main as default
2025-06-20T10:31:31.994278Z  INFO ExecutionServicer::run:ExecutionServicer::spawn_execution{wait_execution_completion=false}:inject_legacy_env_vars:get_gpu_count: execution_wrapper::common: Get ComputeContext from env success compute_context=ComputeContext { cluster_name: "adsai-lambda-0", node_id: EnvironmentVariable("POD_NAME"), vm_id: None, run_attempt_count: 1, gpu_count: Some(1), vm_size: None, readable_cluster_name: None, vm_priority: None, use_vnet_or_private_link: false }
2025-06-20T10:31:31.994302Z  INFO ExecutionServicer::run:ExecutionServicer::spawn_execution{wait_execution_completion=false}:inject_legacy_env_vars:get_gpu_count: execution_wrapper::common: close time.busy=76.6µs time.idle=1.45µs
2025-06-20T10:31:31.994318Z  INFO ExecutionServicer::run:ExecutionServicer::spawn_execution{wait_execution_completion=false}:inject_legacy_env_vars:override_dc_env_vars: execution_wrapper::dc_env_vars: Updated env AZUREML_CR_EXECUTOR_CONFIG for spawned process
2025-06-20T10:31:31.994329Z  INFO ExecutionServicer::run:ExecutionServicer::spawn_execution{wait_execution_completion=false}:inject_legacy_env_vars:override_dc_env_vars: execution_wrapper::dc_env_vars: Updated env AZUREML_CR_DISTRIBUTED_CONFIG for spawned process
2025-06-20T10:31:31.994337Z  INFO ExecutionServicer::run:ExecutionServicer::spawn_execution{wait_execution_completion=false}:inject_legacy_env_vars:override_dc_env_vars: execution_wrapper::dc_env_vars: Updated env AZUREML_SERVICE_ENDPOINT for spawned process
2025-06-20T10:31:31.994347Z  INFO ExecutionServicer::run:ExecutionServicer::spawn_execution{wait_execution_completion=false}:inject_legacy_env_vars:override_dc_env_vars: execution_wrapper::dc_env_vars: Updated env AZUREML_SERVICE_CERT_ENDPOINT for spawned process
2025-06-20T10:31:31.994359Z  INFO ExecutionServicer::run:ExecutionServicer::spawn_execution{wait_execution_completion=false}:inject_legacy_env_vars:override_dc_env_vars: execution_wrapper::dc_env_vars: Updated env AZUREML_DISCOVERY_SERVICE_ENDPOINT for spawned process
2025-06-20T10:31:31.994378Z  INFO ExecutionServicer::run:ExecutionServicer::spawn_execution{wait_execution_completion=false}:inject_legacy_env_vars:override_dc_env_vars: execution_wrapper::dc_env_vars: Env var AZUREML_DEV_URL_MLFLOW is empty for current process
2025-06-20T10:31:31.994393Z  INFO ExecutionServicer::run:ExecutionServicer::spawn_execution{wait_execution_completion=false}:inject_legacy_env_vars:override_dc_env_vars: execution_wrapper::dc_env_vars: Updated env AZUREML_RUN_HISTORY_SERVICE_ENDPOINT for spawned process
2025-06-20T10:31:31.994404Z  INFO ExecutionServicer::run:ExecutionServicer::spawn_execution{wait_execution_completion=false}:inject_legacy_env_vars:override_dc_env_vars: execution_wrapper::dc_env_vars: close time.busy=88.0µs time.idle=960ns
2025-06-20T10:31:31.994412Z  INFO ExecutionServicer::run:ExecutionServicer::spawn_execution{wait_execution_completion=false}:inject_legacy_env_vars: execution_wrapper::legacy_env_vars: close time.busy=270µs time.idle=3.66µs
2025-06-20T10:31:31.994436Z  INFO ExecutionServicer::run:ExecutionServicer::spawn_execution{wait_execution_completion=false}: execution_wrapper::infiniband_utils: Is InfiniBand device present: false infiniband_device_path="/dev/infiniband/uverbs0"
2025-06-20T10:31:31.994455Z  INFO ExecutionServicer::run:ExecutionServicer::spawn_execution{wait_execution_completion=false}: execution_wrapper::service: Spawning execution
2025-06-20T10:31:31.998249Z  INFO ExecutionServicer::run:ExecutionServicer::spawn_execution{wait_execution_completion=false}:Execution::parse_commands: execution_wrapper::command_resolvers::shell: Using detected user shell: "/bin/bash" shell="/bin/bash"
2025-06-20T10:31:31.998322Z  INFO ExecutionServicer::run:ExecutionServicer::spawn_execution{wait_execution_completion=false}:Execution::parse_commands: execution_wrapper::execution: close time.busy=3.68ms time.idle=1.63µs
2025-06-20T10:31:31.998692Z  INFO ExecutionServicer::run:ExecutionServicer::spawn_execution{wait_execution_completion=false}:Execution::spawn{wait_execution_completion=false}: execution_wrapper::execution: Spawning target process
2025-06-20T10:31:32.000868Z  INFO ExecutionServicer::run:ExecutionServicer::spawn_execution{wait_execution_completion=false}:Execution::spawn{wait_execution_completion=false}: execution_wrapper::execution: execution process spawned pid=27
2025-06-20T10:31:32.001079Z  INFO execution_wrapper::execution: start waiting for processes execution to complete num_processes=1
2025-06-20T10:31:32.001161Z  INFO Execution::wait_for_completion: execution_wrapper::execution::process_manager: ProcessManagerExecution state changing from PendingExecution to PendingExecution
2025-06-20T10:31:32.012069Z  INFO Execution::wait_for_completion: execution_wrapper::execution::process_manager: ProcessManagerExecution state changing from PendingExecution to ExecutionCompleted
2025-06-20T10:31:32.012118Z  INFO Execution::wait_for_completion: execution_wrapper::execution::process_manager: Start collecting process exit statuses
2025-06-20T10:31:32.012131Z  INFO Execution::wait_for_completion: execution_wrapper::execution::process_manager: Successfully collected the exit status of user process pid=27 process_name=set killed_by_process_manager=false
2025-06-20T10:31:32.012146Z  INFO Execution::wait_for_completion: execution_wrapper::execution::process_manager: Process manager successfully collected the exit statuses of all user processes on current node
2025-06-20T10:31:32.012158Z  INFO Execution::wait_for_completion: execution_wrapper::execution::process_manager: ProcessManagerExecution state changing from ExecutionCompleted to CleanupStreamingTasks
2025-06-20T10:31:32.012170Z  INFO Execution::wait_for_completion: execution_wrapper::execution::process_manager: Start cleaning up execution log streaming tasks
2025-06-20T10:31:32.012178Z  INFO Execution::wait_for_completion: execution_wrapper::execution::process_manager: Process manager successfully aborted all streaming tasks for current execution
2025-06-20T10:31:32.012192Z  INFO Execution::wait_for_completion: execution_wrapper::execution: Gathered execution result for rank 0 process_rank=0 exit_code=0 stderr_path=Some("user_logs/bootstrap_0.txt")
2025-06-20T10:31:32.012227Z  INFO Execution::wait_for_completion: execution_wrapper::execution: [wait_for_completion] execution process completed.
2025-06-20T10:31:32.012277Z  WARN Execution::wait_for_completion:ExecutionFinalizer::on_exit:ExecutionFinalizer::complete_execution: grpc_utils::span: failed to inject span context to grpc request
2025-06-20T10:31:32.012296Z  INFO Execution::wait_for_completion:ExecutionFinalizer::on_exit:ExecutionFinalizer::complete_execution:execution-wrapper::connect_to_callback_service: execution_wrapper::service: connecting to callback endpoint: /tmp/azureml/cr/j/4a5bc1ada79f4f519de1c6dcf701f5a3/.grpc/lifecycler:0 client_address=/tmp/azureml/cr/j/4a5bc1ada79f4f519de1c6dcf701f5a3/.grpc/lifecycler:0
2025-06-20T10:31:32.012393Z  INFO Execution::wait_for_completion:ExecutionFinalizer::on_exit:ExecutionFinalizer::complete_execution:execution-wrapper::connect_to_callback_service:connect: grpc_utils::endpoint::connect: Connecting to gRPC service endpoint=Uds("/tmp/azureml/cr/j/4a5bc1ada79f4f519de1c6dcf701f5a3/.grpc/lifecycler:0") retry=FixedIntervalRetry { attempt_timeout_millis: 50, retry_delay_millis: 10, max_duration: 600s }
2025-06-20T10:31:32.012509Z  INFO Execution::wait_for_completion:ExecutionFinalizer::on_exit:ExecutionFinalizer::complete_execution:execution-wrapper::connect_to_callback_service:connect: grpc_utils::endpoint::connect: Successfully connected to gRPC service endpoint=Uds("/tmp/azureml/cr/j/4a5bc1ada79f4f519de1c6dcf701f5a3/.grpc/lifecycler:0")
2025-06-20T10:31:32.012528Z  INFO Execution::wait_for_completion:ExecutionFinalizer::on_exit:ExecutionFinalizer::complete_execution:execution-wrapper::connect_to_callback_service:connect: grpc_utils::endpoint::connect: close time.busy=126µs time.idle=10.7µs
2025-06-20T10:31:32.012542Z  INFO Execution::wait_for_completion:ExecutionFinalizer::on_exit:ExecutionFinalizer::complete_execution:execution-wrapper::connect_to_callback_service: execution_wrapper::service: close time.busy=238µs time.idle=13.4µs
2025-06-20T10:31:32.013025Z  INFO Execution::wait_for_completion:ExecutionFinalizer::on_exit:ExecutionFinalizer::complete_execution: execution_wrapper::service: Completed execution id=da85d9dd-ee95-441f-9f3a-3b3cd5aec00b
2025-06-20T10:31:32.013062Z  INFO Execution::wait_for_completion:ExecutionFinalizer::on_exit:ExecutionFinalizer::complete_execution: execution_wrapper::service: close time.busy=337µs time.idle=456µs
2025-06-20T10:31:32.013075Z  INFO Execution::wait_for_completion:ExecutionFinalizer::on_exit: execution_wrapper::service: close time.busy=355µs time.idle=465µs
2025-06-20T10:31:32.013085Z  INFO ExecutionServicer::run:ExecutionServicer::spawn_execution{wait_execution_completion=false}:Execution::spawn{wait_execution_completion=false}: execution_wrapper::execution: close time.busy=2.39ms time.idle=12.3ms
2025-06-20T10:31:32.013093Z  INFO ExecutionServicer::run:ExecutionServicer::spawn_execution{wait_execution_completion=false}: execution_wrapper::service: close time.busy=6.75ms time.idle=12.2ms
2025-06-20T10:31:32.013101Z  INFO ExecutionServicer::run: execution_wrapper::service: close time.busy=6.85ms time.idle=12.2ms
2025-06-20T10:31:32.013108Z  INFO Execution::wait_for_completion: execution_wrapper::execution: close time.busy=660µs time.idle=11.3ms
2025-06-20T10:31:32.013114Z  INFO execution_wrapper::execution: process execution completed
2025-06-20T10:31:32.013332Z  INFO ExecutionServicer::run: grpc_utils::server: Got grpc request request_name="run" remote_addr=None
2025-06-20T10:31:32.013360Z  INFO ExecutionServicer::run:ExecutionServicer::spawn_execution{wait_execution_completion=false}: execution_wrapper::service: spawn_execution request id="48ae3742-b6eb-43f7-b5ab-b5c9c5c1138c" client_address=Some("/tmp/azureml/cr/j/4a5bc1ada79f4f519de1c6dcf701f5a3/.grpc/lifecycler:0")
2025-06-20T10:31:32.013380Z  INFO ExecutionServicer::run:ExecutionServicer::spawn_execution{wait_execution_completion=false}:inject_legacy_env_vars: execution_wrapper::legacy_env_vars: Setting legacy env vars from distributed config distributed_config=DistributedConfig { rank: EnvName("VK_TASK_INDEX"), host_list: [], remote_grpc: None, batch_leader_port: Some(6105), is_distributed_parallel_task: None, disable_fatal_ongoing_ssh_check_failure: false }
2025-06-20T10:31:32.013396Z  WARN ExecutionServicer::run:ExecutionServicer::spawn_execution{wait_execution_completion=false}:inject_legacy_env_vars: execution_wrapper::legacy_env_vars: Skip injecting legacy env vars, distributed config host list is empty, setting only the defaults distributed_config=DistributedConfig { rank: EnvName("VK_TASK_INDEX"), host_list: [], remote_grpc: None, batch_leader_port: Some(6105), is_distributed_parallel_task: None, disable_fatal_ongoing_ssh_check_failure: false }
2025-06-20T10:31:32.013411Z  INFO ExecutionServicer::run:ExecutionServicer::spawn_execution{wait_execution_completion=false}:inject_legacy_env_vars: execution_wrapper::legacy_env_vars: Injecting AZ_BATCHAI_JOB_WORK_DIR=/tmp/azureml/cr/j/4a5bc1ada79f4f519de1c6dcf701f5a3/exe/wd working_dir="/tmp/azureml/cr/j/4a5bc1ada79f4f519de1c6dcf701f5a3/exe/wd"
2025-06-20T10:31:32.013422Z  INFO ExecutionServicer::run:ExecutionServicer::spawn_execution{wait_execution_completion=false}:inject_legacy_env_vars: execution_wrapper::legacy_env_vars: Injecting AZUREML_PROCESS_NAME=main as default
2025-06-20T10:31:32.013475Z  INFO ExecutionServicer::run:ExecutionServicer::spawn_execution{wait_execution_completion=false}:inject_legacy_env_vars:get_gpu_count: execution_wrapper::common: Get ComputeContext from env success compute_context=ComputeContext { cluster_name: "adsai-lambda-0", node_id: EnvironmentVariable("POD_NAME"), vm_id: None, run_attempt_count: 1, gpu_count: Some(1), vm_size: None, readable_cluster_name: None, vm_priority: None, use_vnet_or_private_link: false }
2025-06-20T10:31:32.013494Z  INFO ExecutionServicer::run:ExecutionServicer::spawn_execution{wait_execution_completion=false}:inject_legacy_env_vars:get_gpu_count: execution_wrapper::common: close time.busy=51.1µs time.idle=1.77µs
2025-06-20T10:31:32.013501Z  INFO ExecutionServicer::run:ExecutionServicer::spawn_execution{wait_execution_completion=false}:inject_legacy_env_vars:override_dc_env_vars: execution_wrapper::dc_env_vars: Updated env AZUREML_CR_EXECUTOR_CONFIG for spawned process
2025-06-20T10:31:32.013513Z  INFO ExecutionServicer::run:ExecutionServicer::spawn_execution{wait_execution_completion=false}:inject_legacy_env_vars:override_dc_env_vars: execution_wrapper::dc_env_vars: Updated env AZUREML_CR_DISTRIBUTED_CONFIG for spawned process
2025-06-20T10:31:32.013522Z  INFO ExecutionServicer::run:ExecutionServicer::spawn_execution{wait_execution_completion=false}:inject_legacy_env_vars:override_dc_env_vars: execution_wrapper::dc_env_vars: Updated env AZUREML_SERVICE_ENDPOINT for spawned process
2025-06-20T10:31:32.013533Z  INFO ExecutionServicer::run:ExecutionServicer::spawn_execution{wait_execution_completion=false}:inject_legacy_env_vars:override_dc_env_vars: execution_wrapper::dc_env_vars: Updated env AZUREML_SERVICE_CERT_ENDPOINT for spawned process
2025-06-20T10:31:32.013551Z  INFO ExecutionServicer::run:ExecutionServicer::spawn_execution{wait_execution_completion=false}:inject_legacy_env_vars:override_dc_env_vars: execution_wrapper::dc_env_vars: Updated env AZUREML_DISCOVERY_SERVICE_ENDPOINT for spawned process
2025-06-20T10:31:32.013563Z  INFO ExecutionServicer::run:ExecutionServicer::spawn_execution{wait_execution_completion=false}:inject_legacy_env_vars:override_dc_env_vars: execution_wrapper::dc_env_vars: Env var AZUREML_DEV_URL_MLFLOW is empty for current process
2025-06-20T10:31:32.013574Z  INFO ExecutionServicer::run:ExecutionServicer::spawn_execution{wait_execution_completion=false}:inject_legacy_env_vars:override_dc_env_vars: execution_wrapper::dc_env_vars: Updated env AZUREML_RUN_HISTORY_SERVICE_ENDPOINT for spawned process
2025-06-20T10:31:32.013584Z  INFO ExecutionServicer::run:ExecutionServicer::spawn_execution{wait_execution_completion=false}:inject_legacy_env_vars:override_dc_env_vars: execution_wrapper::dc_env_vars: close time.busy=84.2µs time.idle=910ns
2025-06-20T10:31:32.013589Z  INFO ExecutionServicer::run:ExecutionServicer::spawn_execution{wait_execution_completion=false}:inject_legacy_env_vars: execution_wrapper::legacy_env_vars: close time.busy=209µs time.idle=3.59µs
2025-06-20T10:31:32.013606Z  INFO ExecutionServicer::run:ExecutionServicer::spawn_execution{wait_execution_completion=false}: execution_wrapper::infiniband_utils: Is InfiniBand device present: false infiniband_device_path="/dev/infiniband/uverbs0"
2025-06-20T10:31:32.013624Z  INFO ExecutionServicer::run:ExecutionServicer::spawn_execution{wait_execution_completion=false}: execution_wrapper::service: Spawning execution
2025-06-20T10:31:32.015645Z  INFO ExecutionServicer::run:ExecutionServicer::spawn_execution{wait_execution_completion=false}:Execution::parse_commands: execution_wrapper::command_resolvers::shell: Using detected user shell: "/bin/bash" shell="/bin/bash"
2025-06-20T10:31:32.015724Z  INFO ExecutionServicer::run:ExecutionServicer::spawn_execution{wait_execution_completion=false}:Execution::parse_commands: execution_wrapper::execution: close time.busy=1.96ms time.idle=1.48µs
2025-06-20T10:31:32.015990Z  INFO ExecutionServicer::run:ExecutionServicer::spawn_execution{wait_execution_completion=false}:Execution::spawn{wait_execution_completion=false}: execution_wrapper::execution: Spawning target process
2025-06-20T10:31:32.017665Z  INFO ExecutionServicer::run:ExecutionServicer::spawn_execution{wait_execution_completion=false}:Execution::spawn{wait_execution_completion=false}: execution_wrapper::execution: execution process spawned pid=37
2025-06-20T10:31:32.017853Z  INFO execution_wrapper::execution: start waiting for processes execution to complete num_processes=1
2025-06-20T10:31:32.017919Z  INFO Execution::wait_for_completion: execution_wrapper::execution::process_manager: ProcessManagerExecution state changing from PendingExecution to PendingExecution
2025-06-20T10:32:37.301476Z  INFO Execution::wait_for_completion: execution_wrapper::execution::process_manager: ProcessManagerExecution state changing from PendingExecution to ExecutionCompleted
2025-06-20T10:32:37.301530Z  INFO Execution::wait_for_completion: execution_wrapper::execution::process_manager: Start collecting process exit statuses
2025-06-20T10:32:37.301544Z  INFO Execution::wait_for_completion: execution_wrapper::execution::process_manager: Successfully collected the exit status of user process pid=37 process_name=
python killed_by_process_manager=false
2025-06-20T10:32:37.301594Z  INFO Execution::wait_for_completion: execution_wrapper::execution::process_manager: Process manager successfully collected the exit statuses of all user processes on current node
2025-06-20T10:32:37.301608Z  INFO Execution::wait_for_completion: execution_wrapper::execution::process_manager: ProcessManagerExecution state changing from ExecutionCompleted to CleanupStreamingTasks
2025-06-20T10:32:37.301624Z  INFO Execution::wait_for_completion: execution_wrapper::execution::process_manager: Start cleaning up execution log streaming tasks
2025-06-20T10:32:37.301636Z  INFO Execution::wait_for_completion: execution_wrapper::execution::process_manager: Process manager successfully aborted all streaming tasks for current execution
2025-06-20T10:32:37.301652Z  INFO Execution::wait_for_completion: execution_wrapper::execution: Gathered execution result for rank 0 process_rank=0 exit_code=0 stderr_path=Some("user_logs/std_log.txt")
2025-06-20T10:32:37.301685Z  INFO Execution::wait_for_completion: execution_wrapper::execution: [wait_for_completion] execution process completed.
2025-06-20T10:32:37.301719Z  WARN Execution::wait_for_completion:ExecutionFinalizer::on_exit:ExecutionFinalizer::complete_execution: grpc_utils::span: failed to inject span context to grpc request
2025-06-20T10:32:37.301735Z  INFO Execution::wait_for_completion:ExecutionFinalizer::on_exit:ExecutionFinalizer::complete_execution:execution-wrapper::connect_to_callback_service: execution_wrapper::service: connecting to callback endpoint: /tmp/azureml/cr/j/4a5bc1ada79f4f519de1c6dcf701f5a3/.grpc/lifecycler:0 client_address=/tmp/azureml/cr/j/4a5bc1ada79f4f519de1c6dcf701f5a3/.grpc/lifecycler:0
2025-06-20T10:32:37.301823Z  INFO Execution::wait_for_completion:ExecutionFinalizer::on_exit:ExecutionFinalizer::complete_execution:execution-wrapper::connect_to_callback_service:connect: grpc_utils::endpoint::connect: Connecting to gRPC service endpoint=Uds("/tmp/azureml/cr/j/4a5bc1ada79f4f519de1c6dcf701f5a3/.grpc/lifecycler:0") retry=FixedIntervalRetry { attempt_timeout_millis: 50, retry_delay_millis: 10, max_duration: 600s }
2025-06-20T10:32:37.301989Z  INFO Execution::wait_for_completion:ExecutionFinalizer::on_exit:ExecutionFinalizer::complete_execution:execution-wrapper::connect_to_callback_service:connect: grpc_utils::endpoint::connect: Successfully connected to gRPC service endpoint=Uds("/tmp/azureml/cr/j/4a5bc1ada79f4f519de1c6dcf701f5a3/.grpc/lifecycler:0")
2025-06-20T10:32:37.302037Z  INFO Execution::wait_for_completion:ExecutionFinalizer::on_exit:ExecutionFinalizer::complete_execution:execution-wrapper::connect_to_callback_service:connect: grpc_utils::endpoint::connect: close time.busy=189µs time.idle=26.2µs
2025-06-20T10:32:37.302057Z  INFO Execution::wait_for_completion:ExecutionFinalizer::on_exit:ExecutionFinalizer::complete_execution:execution-wrapper::connect_to_callback_service: execution_wrapper::service: close time.busy=302µs time.idle=25.2µs
2025-06-20T10:32:37.302523Z  INFO Execution::wait_for_completion:ExecutionFinalizer::on_exit:ExecutionFinalizer::complete_execution: execution_wrapper::service: Completed execution id=48ae3742-b6eb-43f7-b5ab-b5c9c5c1138c
2025-06-20T10:32:37.302557Z  INFO Execution::wait_for_completion:ExecutionFinalizer::on_exit:ExecutionFinalizer::complete_execution: execution_wrapper::service: close time.busy=407µs time.idle=440µs
2025-06-20T10:32:37.302567Z  INFO Execution::wait_for_completion:ExecutionFinalizer::on_exit: execution_wrapper::service: close time.busy=420µs time.idle=444µs
2025-06-20T10:32:37.302577Z  INFO ExecutionServicer::run:ExecutionServicer::spawn_execution{wait_execution_completion=false}:Execution::spawn{wait_execution_completion=false}: execution_wrapper::execution: close time.busy=1.84ms time.idle=65.3s
2025-06-20T10:32:37.302584Z  INFO ExecutionServicer::run:ExecutionServicer::spawn_execution{wait_execution_completion=false}: execution_wrapper::service: close time.busy=4.33ms time.idle=65.3s
2025-06-20T10:32:37.302593Z  INFO ExecutionServicer::run: execution_wrapper::service: close time.busy=4.36ms time.idle=65.3s
2025-06-20T10:32:37.302600Z  INFO Execution::wait_for_completion: execution_wrapper::execution: close time.busy=844µs time.idle=65.3s
2025-06-20T10:32:37.302612Z  INFO execution_wrapper::execution: process execution completed
