2025-06-20T10:31:17.917894Z  INFO telemetry: job_telemetry_init artifact_type=installed branch=origin/adac75962930155e747d4911e0ed9de487322c89 ci_number=20250523.1 ci_name=CommonRuntime-RuntimeTeam-Linux-Prod-Build build_time=2025-05-23 10:44:46.914500
2025-06-20T10:31:17.918048Z  INFO load_config_from_env: lifecycler::config: Resolved grpc addresses lifecycler_address=/tmp/azureml/cr/j/4a5bc1ada79f4f519de1c6dcf701f5a3/.grpc/lifecycler:0 executor_address=/tmp/azureml/cr/j/4a5bc1ada79f4f519de1c6dcf701f5a3/.grpc/executor:0
2025-06-20T10:31:17.918203Z  INFO load_config_from_env:load_capability_addresses_from_env{capability_endpoints_from_config={"CS_CAPABILITY": CapabilityEndpoint { name: "CS_CAPABILITY", address: "/tmp/azureml/cr/j/4a5bc1ada79f4f519de1c6dcf701f5a3/.grpc/cs-capability:0", type: Service }, "DATA_CAPABILITY": CapabilityEndpoint { name: "DATA_CAPABILITY", address: "/tmp/azureml/cr/j/4a5bc1ada79f4f519de1c6dcf701f5a3/.grpc/data-capability:0", type: Service }, "HOSTTOOLS_CAPABILITY": CapabilityEndpoint { name: "HOSTTOOLS_CAPABILITY", address: "/tmp/azureml/cr/j/4a5bc1ada79f4f519de1c6dcf701f5a3/.grpc/hosttools-capability:0", type: Service }, "SNAPSHOT_CAPABILITY": CapabilityEndpoint { name: "SNAPSHOT_CAPABILITY", address: "/tmp/azureml/cr/j/4a5bc1ada79f4f519de1c6dcf701f5a3/.grpc/snapshot-capability:0", type: Service }}}: lifecycler::config: close time.busy=108µs time.idle=11.3µs
2025-06-20T10:31:17.918225Z  INFO load_config_from_env: lifecycler::config: close time.busy=284µs time.idle=13.3µs
2025-06-20T10:31:17.918239Z  WARN run_lifecycler: telemetry::otel::extractors::environment: Failed to set_context_from_env, env var `traceparent` is missing.
2025-06-20T10:31:17.918266Z  WARN run_lifecycler:run_service_and_step_through_lifecycle: cr_core::config: remote grpc is not specified, nullifying remote grpc address distributed_config=DistributedConfig { rank: EnvName("VK_TASK_INDEX"), host_list: [], remote_grpc: None, batch_leader_port: Some(6105), is_distributed_parallel_task: None, disable_fatal_ongoing_ssh_check_failure: false }
2025-06-20T10:31:17.918283Z  INFO run_lifecycler:run_service_and_step_through_lifecycle: lifecycler::lifecycle: setup distributed training for node distributed_config=DistributedConfig { rank: EnvName("VK_TASK_INDEX"), host_list: [], remote_grpc: None, batch_leader_port: Some(6105), is_distributed_parallel_task: None, disable_fatal_ongoing_ssh_check_failure: false } coordination_needed=false
2025-06-20T10:31:17.918296Z  INFO run_lifecycler:run_service_and_step_through_lifecycle: lifecycler::lifecycle: coordination is not needed, skip setting up distributed barrier distributed_config=DistributedConfig { rank: EnvName("VK_TASK_INDEX"), host_list: [], remote_grpc: None, batch_leader_port: Some(6105), is_distributed_parallel_task: None, disable_fatal_ongoing_ssh_check_failure: false } coordination_needed=false
2025-06-20T10:31:17.918322Z  INFO run_lifecycler:run_service_and_step_through_lifecycle: lifecycler::lifecycle: Trying to configure lifecycler to handle termination signals
2025-06-20T10:31:17.918338Z  INFO run_lifecycler:run_service_and_step_through_lifecycle: lifecycler::lifecycle: Successfully configured lifecycler to handle termination signals with abort lifecycler
2025-06-20T10:31:17.918368Z  INFO Lifecycler::run_service{lifecycler_abort_state_writer=Some(LifecyclerAbortStateWriter { lifecycler_wd: "/tmp/azureml/cr/j/4a5bc1ada79f4f519de1c6dcf701f5a3/cap/lifecycler/wd" })}: lifecycler::service: serving lifecycle service address=/tmp/azureml/cr/j/4a5bc1ada79f4f519de1c6dcf701f5a3/.grpc/lifecycler:0
2025-06-20T10:31:17.918443Z  INFO run_lifecycler:run_service_and_step_through_lifecycle:step_through_lifecycle:connect_capabilities:connect: grpc_utils::endpoint::connect: Connecting to gRPC service endpoint=Uds("/tmp/azureml/cr/j/4a5bc1ada79f4f519de1c6dcf701f5a3/.grpc/cs-capability:0") retry=FixedIntervalRetry { attempt_timeout_millis: 50, retry_delay_millis: 10, max_duration: 7200s }
2025-06-20T10:31:17.918461Z  INFO Lifecycler::run_service{lifecycler_abort_state_writer=Some(LifecyclerAbortStateWriter { lifecycler_wd: "/tmp/azureml/cr/j/4a5bc1ada79f4f519de1c6dcf701f5a3/cap/lifecycler/wd" })}:serve_more: grpc_utils::endpoint::serve: serving gRPC service endpoint=Uds("/tmp/azureml/cr/j/4a5bc1ada79f4f519de1c6dcf701f5a3/.grpc/lifecycler:0") retry=ExponentialBackoffRetry { retry_delay_secs: 2, delay_factor: 1000, num_retries: 3 }
2025-06-20T10:31:21.445226Z  INFO run_lifecycler:run_service_and_step_through_lifecycle:step_through_lifecycle:connect_capabilities:connect: grpc_utils::endpoint::connect: Successfully connected to gRPC service endpoint=Uds("/tmp/azureml/cr/j/4a5bc1ada79f4f519de1c6dcf701f5a3/.grpc/cs-capability:0")
2025-06-20T10:31:21.445274Z  INFO run_lifecycler:run_service_and_step_through_lifecycle:step_through_lifecycle:connect_capabilities:connect: grpc_utils::endpoint::connect: close time.busy=373ms time.idle=3.15s
2025-06-20T10:31:21.445354Z  INFO run_lifecycler:run_service_and_step_through_lifecycle:step_through_lifecycle:connect_capabilities:connect: grpc_utils::endpoint::connect: Connecting to gRPC service endpoint=Uds("/tmp/azureml/cr/j/4a5bc1ada79f4f519de1c6dcf701f5a3/.grpc/cs-capability:0") retry=FixedIntervalRetry { attempt_timeout_millis: 50, retry_delay_millis: 10, max_duration: 7200s }
2025-06-20T10:31:21.445475Z  INFO run_lifecycler:run_service_and_step_through_lifecycle:step_through_lifecycle:connect_capabilities:connect: grpc_utils::endpoint::connect: Successfully connected to gRPC service endpoint=Uds("/tmp/azureml/cr/j/4a5bc1ada79f4f519de1c6dcf701f5a3/.grpc/cs-capability:0")
2025-06-20T10:31:21.445490Z  INFO run_lifecycler:run_service_and_step_through_lifecycle:step_through_lifecycle:connect_capabilities:connect: grpc_utils::endpoint::connect: close time.busy=88.7µs time.idle=51.4µs
2025-06-20T10:31:21.445508Z  INFO run_lifecycler:run_service_and_step_through_lifecycle:step_through_lifecycle:connect_capabilities:wait_for_service_healthy: lifecycler::health_monitor: Waiting for service to become healthy: CS_CAPABILITY service_name=CS_CAPABILITY timeout=30s
2025-06-20T10:31:21.445527Z  WARN run_lifecycler:run_service_and_step_through_lifecycle:step_through_lifecycle:connect_capabilities:wait_for_service_healthy: grpc_utils::span: failed to inject span context to grpc request
2025-06-20T10:31:21.447584Z  INFO run_lifecycler:run_service_and_step_through_lifecycle:step_through_lifecycle:connect_capabilities:wait_for_service_healthy: lifecycler::health_client: Health status for service: CS_CAPABILITY service_name=CS_CAPABILITY health_status=1
2025-06-20T10:31:21.447602Z  INFO run_lifecycler:run_service_and_step_through_lifecycle:step_through_lifecycle:connect_capabilities:wait_for_service_healthy: lifecycler::health_monitor: Service has become healthy service_name=CS_CAPABILITY
2025-06-20T10:31:21.447611Z  INFO run_lifecycler:run_service_and_step_through_lifecycle:step_through_lifecycle:connect_capabilities:wait_for_service_healthy: lifecycler::health_monitor: close time.busy=110µs time.idle=2.00ms
2025-06-20T10:31:21.447666Z  INFO run_lifecycler:run_service_and_step_through_lifecycle:step_through_lifecycle:connect_capabilities:connect: grpc_utils::endpoint::connect: Connecting to gRPC service endpoint=Uds("/tmp/azureml/cr/j/4a5bc1ada79f4f519de1c6dcf701f5a3/.grpc/data-capability:0") retry=FixedIntervalRetry { attempt_timeout_millis: 50, retry_delay_millis: 10, max_duration: 7200s }
2025-06-20T10:31:21.447781Z  INFO run_lifecycler:run_service_and_step_through_lifecycle:step_through_lifecycle:connect_capabilities:connect: grpc_utils::endpoint::connect: Successfully connected to gRPC service endpoint=Uds("/tmp/azureml/cr/j/4a5bc1ada79f4f519de1c6dcf701f5a3/.grpc/data-capability:0")
2025-06-20T10:31:21.447802Z  INFO run_lifecycler:run_service_and_step_through_lifecycle:step_through_lifecycle:connect_capabilities:connect: grpc_utils::endpoint::connect: close time.busy=99.7µs time.idle=37.7µs
2025-06-20T10:31:21.447849Z  INFO run_lifecycler:run_service_and_step_through_lifecycle:step_through_lifecycle:connect_capabilities:connect: grpc_utils::endpoint::connect: Connecting to gRPC service endpoint=Uds("/tmp/azureml/cr/j/4a5bc1ada79f4f519de1c6dcf701f5a3/.grpc/data-capability:0") retry=FixedIntervalRetry { attempt_timeout_millis: 50, retry_delay_millis: 10, max_duration: 7200s }
2025-06-20T10:31:21.447943Z  INFO run_lifecycler:run_service_and_step_through_lifecycle:step_through_lifecycle:connect_capabilities:connect: grpc_utils::endpoint::connect: Successfully connected to gRPC service endpoint=Uds("/tmp/azureml/cr/j/4a5bc1ada79f4f519de1c6dcf701f5a3/.grpc/data-capability:0")
2025-06-20T10:31:21.447956Z  INFO run_lifecycler:run_service_and_step_through_lifecycle:step_through_lifecycle:connect_capabilities:connect: grpc_utils::endpoint::connect: close time.busy=70.2µs time.idle=37.9µs
2025-06-20T10:31:21.447963Z  INFO run_lifecycler:run_service_and_step_through_lifecycle:step_through_lifecycle:connect_capabilities:wait_for_service_healthy: lifecycler::health_monitor: Waiting for service to become healthy: DATA_CAPABILITY service_name=DATA_CAPABILITY timeout=30s
2025-06-20T10:31:21.447978Z  WARN run_lifecycler:run_service_and_step_through_lifecycle:step_through_lifecycle:connect_capabilities:wait_for_service_healthy: grpc_utils::span: failed to inject span context to grpc request
2025-06-20T10:31:21.449826Z  INFO run_lifecycler:run_service_and_step_through_lifecycle:step_through_lifecycle:connect_capabilities:wait_for_service_healthy: lifecycler::health_client: Health status for service: DATA_CAPABILITY service_name=DATA_CAPABILITY health_status=1
2025-06-20T10:31:21.449844Z  INFO run_lifecycler:run_service_and_step_through_lifecycle:step_through_lifecycle:connect_capabilities:wait_for_service_healthy: lifecycler::health_monitor: Service has become healthy service_name=DATA_CAPABILITY
2025-06-20T10:31:21.449852Z  INFO run_lifecycler:run_service_and_step_through_lifecycle:step_through_lifecycle:connect_capabilities:wait_for_service_healthy: lifecycler::health_monitor: close time.busy=79.7µs time.idle=1.81ms
2025-06-20T10:31:21.449904Z  INFO run_lifecycler:run_service_and_step_through_lifecycle:step_through_lifecycle:connect_capabilities:connect: grpc_utils::endpoint::connect: Connecting to gRPC service endpoint=Uds("/tmp/azureml/cr/j/4a5bc1ada79f4f519de1c6dcf701f5a3/.grpc/hosttools-capability:0") retry=FixedIntervalRetry { attempt_timeout_millis: 50, retry_delay_millis: 10, max_duration: 7200s }
2025-06-20T10:31:21.809885Z  INFO run_lifecycler:run_service_and_step_through_lifecycle:step_through_lifecycle:connect_capabilities:connect: grpc_utils::endpoint::connect: Successfully connected to gRPC service endpoint=Uds("/tmp/azureml/cr/j/4a5bc1ada79f4f519de1c6dcf701f5a3/.grpc/hosttools-capability:0")
2025-06-20T10:31:21.809930Z  INFO run_lifecycler:run_service_and_step_through_lifecycle:step_through_lifecycle:connect_capabilities:connect: grpc_utils::endpoint::connect: close time.busy=72.3ms time.idle=288ms
2025-06-20T10:31:21.810015Z  INFO run_lifecycler:run_service_and_step_through_lifecycle:step_through_lifecycle:connect_capabilities:connect: grpc_utils::endpoint::connect: Connecting to gRPC service endpoint=Uds("/tmp/azureml/cr/j/4a5bc1ada79f4f519de1c6dcf701f5a3/.grpc/hosttools-capability:0") retry=FixedIntervalRetry { attempt_timeout_millis: 50, retry_delay_millis: 10, max_duration: 7200s }
2025-06-20T10:31:21.810219Z  INFO run_lifecycler:run_service_and_step_through_lifecycle:step_through_lifecycle:connect_capabilities:connect: grpc_utils::endpoint::connect: Successfully connected to gRPC service endpoint=Uds("/tmp/azureml/cr/j/4a5bc1ada79f4f519de1c6dcf701f5a3/.grpc/hosttools-capability:0")
2025-06-20T10:31:21.810234Z  INFO run_lifecycler:run_service_and_step_through_lifecycle:step_through_lifecycle:connect_capabilities:connect: grpc_utils::endpoint::connect: close time.busy=88.5µs time.idle=136µs
2025-06-20T10:31:21.810250Z  INFO run_lifecycler:run_service_and_step_through_lifecycle:step_through_lifecycle:connect_capabilities:wait_for_service_healthy: lifecycler::health_monitor: Waiting for service to become healthy: HOSTTOOLS_CAPABILITY service_name=HOSTTOOLS_CAPABILITY timeout=30s
2025-06-20T10:31:21.810273Z  WARN run_lifecycler:run_service_and_step_through_lifecycle:step_through_lifecycle:connect_capabilities:wait_for_service_healthy: grpc_utils::span: failed to inject span context to grpc request
2025-06-20T10:31:21.810708Z  INFO run_lifecycler:run_service_and_step_through_lifecycle:step_through_lifecycle:connect_capabilities:wait_for_service_healthy: lifecycler::health_client: Health status for service: HOSTTOOLS_CAPABILITY service_name=HOSTTOOLS_CAPABILITY health_status=1
2025-06-20T10:31:21.810726Z  INFO run_lifecycler:run_service_and_step_through_lifecycle:step_through_lifecycle:connect_capabilities:wait_for_service_healthy: lifecycler::health_monitor: Service has become healthy service_name=HOSTTOOLS_CAPABILITY
2025-06-20T10:31:21.810734Z  INFO run_lifecycler:run_service_and_step_through_lifecycle:step_through_lifecycle:connect_capabilities:wait_for_service_healthy: lifecycler::health_monitor: close time.busy=110µs time.idle=376µs
2025-06-20T10:31:21.810792Z  INFO run_lifecycler:run_service_and_step_through_lifecycle:step_through_lifecycle:connect_capabilities:connect: grpc_utils::endpoint::connect: Connecting to gRPC service endpoint=Uds("/tmp/azureml/cr/j/4a5bc1ada79f4f519de1c6dcf701f5a3/.grpc/snapshot-capability:0") retry=FixedIntervalRetry { attempt_timeout_millis: 50, retry_delay_millis: 10, max_duration: 7200s }
2025-06-20T10:31:21.810918Z  INFO run_lifecycler:run_service_and_step_through_lifecycle:step_through_lifecycle:connect_capabilities:connect: grpc_utils::endpoint::connect: Successfully connected to gRPC service endpoint=Uds("/tmp/azureml/cr/j/4a5bc1ada79f4f519de1c6dcf701f5a3/.grpc/snapshot-capability:0")
2025-06-20T10:31:21.810933Z  INFO run_lifecycler:run_service_and_step_through_lifecycle:step_through_lifecycle:connect_capabilities:connect: grpc_utils::endpoint::connect: close time.busy=101µs time.idle=42.9µs
2025-06-20T10:31:21.810976Z  INFO run_lifecycler:run_service_and_step_through_lifecycle:step_through_lifecycle:connect_capabilities:connect: grpc_utils::endpoint::connect: Connecting to gRPC service endpoint=Uds("/tmp/azureml/cr/j/4a5bc1ada79f4f519de1c6dcf701f5a3/.grpc/snapshot-capability:0") retry=FixedIntervalRetry { attempt_timeout_millis: 50, retry_delay_millis: 10, max_duration: 7200s }
2025-06-20T10:31:21.811071Z  INFO run_lifecycler:run_service_and_step_through_lifecycle:step_through_lifecycle:connect_capabilities:connect: grpc_utils::endpoint::connect: Successfully connected to gRPC service endpoint=Uds("/tmp/azureml/cr/j/4a5bc1ada79f4f519de1c6dcf701f5a3/.grpc/snapshot-capability:0")
2025-06-20T10:31:21.811092Z  INFO run_lifecycler:run_service_and_step_through_lifecycle:step_through_lifecycle:connect_capabilities:connect: grpc_utils::endpoint::connect: close time.busy=83.2µs time.idle=34.2µs
2025-06-20T10:31:21.811103Z  INFO run_lifecycler:run_service_and_step_through_lifecycle:step_through_lifecycle:connect_capabilities:wait_for_service_healthy: lifecycler::health_monitor: Waiting for service to become healthy: SNAPSHOT_CAPABILITY service_name=SNAPSHOT_CAPABILITY timeout=30s
2025-06-20T10:31:21.811117Z  WARN run_lifecycler:run_service_and_step_through_lifecycle:step_through_lifecycle:connect_capabilities:wait_for_service_healthy: grpc_utils::span: failed to inject span context to grpc request
2025-06-20T10:31:21.811565Z  INFO run_lifecycler:run_service_and_step_through_lifecycle:step_through_lifecycle:connect_capabilities:wait_for_service_healthy: lifecycler::health_client: Health status for service: SNAPSHOT_CAPABILITY service_name=SNAPSHOT_CAPABILITY health_status=1
2025-06-20T10:31:21.811578Z  INFO run_lifecycler:run_service_and_step_through_lifecycle:step_through_lifecycle:connect_capabilities:wait_for_service_healthy: lifecycler::health_monitor: Service has become healthy service_name=SNAPSHOT_CAPABILITY
2025-06-20T10:31:21.811586Z  INFO run_lifecycler:run_service_and_step_through_lifecycle:step_through_lifecycle:connect_capabilities:wait_for_service_healthy: lifecycler::health_monitor: close time.busy=70.6µs time.idle=414µs
2025-06-20T10:31:21.811594Z  INFO run_lifecycler:run_service_and_step_through_lifecycle:step_through_lifecycle:connect_capabilities: lifecycler::lifecycle: close time.busy=448ms time.idle=3.45s
2025-06-20T10:31:21.811607Z  WARN grpc_utils::span: failed to inject span context to grpc request
2025-06-20T10:31:21.811613Z  WARN run_lifecycler:run_service_and_step_through_lifecycle:step_through_lifecycle:start_capabilities:start{name="CS_CAPABILITY"}: grpc_utils::span: failed to inject span context to grpc request
2025-06-20T10:31:21.811633Z  WARN run_lifecycler:run_service_and_step_through_lifecycle:step_through_lifecycle:start_capabilities:start{name="DATA_CAPABILITY"}: grpc_utils::span: failed to inject span context to grpc request
2025-06-20T10:31:21.811645Z  WARN grpc_utils::span: failed to inject span context to grpc request
2025-06-20T10:31:21.811660Z  WARN grpc_utils::span: failed to inject span context to grpc request
2025-06-20T10:31:21.811665Z  WARN run_lifecycler:run_service_and_step_through_lifecycle:step_through_lifecycle:start_capabilities:start{name="HOSTTOOLS_CAPABILITY"}: grpc_utils::span: failed to inject span context to grpc request
2025-06-20T10:31:21.811680Z  WARN grpc_utils::span: failed to inject span context to grpc request
2025-06-20T10:31:21.811684Z  WARN run_lifecycler:run_service_and_step_through_lifecycle:step_through_lifecycle:start_capabilities:start{name="SNAPSHOT_CAPABILITY"}: grpc_utils::span: failed to inject span context to grpc request
2025-06-20T10:31:21.812058Z  INFO run_lifecycler:run_service_and_step_through_lifecycle:step_through_lifecycle:start_capabilities:start{name="HOSTTOOLS_CAPABILITY"}: lifecycler::capability_client: Received success code for start cap_name=HOSTTOOLS_CAPABILITY
2025-06-20T10:31:21.812075Z  INFO run_lifecycler:run_service_and_step_through_lifecycle:step_through_lifecycle:start_capabilities:start{name="HOSTTOOLS_CAPABILITY"}: lifecycler::capability_client: close time.busy=54.8µs time.idle=357µs
2025-06-20T10:31:21.853478Z  INFO run_lifecycler:run_service_and_step_through_lifecycle:step_through_lifecycle:start_capabilities:start{name="CS_CAPABILITY"}: lifecycler::capability_client: Received success code for start cap_name=CS_CAPABILITY
2025-06-20T10:31:21.853519Z  INFO run_lifecycler:run_service_and_step_through_lifecycle:step_through_lifecycle:start_capabilities:start{name="CS_CAPABILITY"}: lifecycler::capability_client: close time.busy=97.4µs time.idle=41.8ms
2025-06-20T10:31:30.699863Z  INFO run_lifecycler:run_service_and_step_through_lifecycle:step_through_lifecycle:start_capabilities:start{name="SNAPSHOT_CAPABILITY"}: lifecycler::capability_client: Received success code for start cap_name=SNAPSHOT_CAPABILITY
2025-06-20T10:31:30.699924Z  INFO run_lifecycler:run_service_and_step_through_lifecycle:step_through_lifecycle:start_capabilities:start{name="SNAPSHOT_CAPABILITY"}: lifecycler::capability_client: close time.busy=298µs time.idle=8.89s
2025-06-20T10:31:31.991145Z  INFO run_lifecycler:run_service_and_step_through_lifecycle:step_through_lifecycle:start_capabilities:start{name="DATA_CAPABILITY"}: lifecycler::capability_client: Received success code for start cap_name=DATA_CAPABILITY
2025-06-20T10:31:31.991234Z  INFO run_lifecycler:run_service_and_step_through_lifecycle:step_through_lifecycle:start_capabilities:start{name="DATA_CAPABILITY"}: lifecycler::capability_client: close time.busy=224µs time.idle=10.2s
2025-06-20T10:31:31.991274Z  INFO run_lifecycler:run_service_and_step_through_lifecycle:step_through_lifecycle:start_capabilities: lifecycler::lifecycle: close time.busy=777µs time.idle=10.2s
2025-06-20T10:31:31.991310Z  INFO run_lifecycler:run_service_and_step_through_lifecycle:step_through_lifecycle:exit_capabilities{cap_type=Operation job_result=JobResult { job_status: Succeeded, error: None }}: lifecycler::lifecycle: close time.busy=2.72µs time.idle=8.29µs
2025-06-20T10:31:31.991318Z  INFO run_lifecycler:run_service_and_step_through_lifecycle:step_through_lifecycle: lifecycler::lifecycle: exited operation caps: true
2025-06-20T10:31:31.991416Z  INFO run_lifecycler:run_service_and_step_through_lifecycle:step_through_lifecycle:connect_executor:connect:connect: grpc_utils::endpoint::connect: Connecting to gRPC service endpoint=Uds("/tmp/azureml/cr/j/4a5bc1ada79f4f519de1c6dcf701f5a3/.grpc/executor:0") retry=FixedIntervalRetry { attempt_timeout_millis: 50, retry_delay_millis: 10, max_duration: 7200s }
2025-06-20T10:31:31.991679Z  INFO run_lifecycler:run_service_and_step_through_lifecycle:step_through_lifecycle:connect_executor:connect:connect: grpc_utils::endpoint::connect: Successfully connected to gRPC service endpoint=Uds("/tmp/azureml/cr/j/4a5bc1ada79f4f519de1c6dcf701f5a3/.grpc/executor:0")
2025-06-20T10:31:31.991711Z  INFO run_lifecycler:run_service_and_step_through_lifecycle:step_through_lifecycle:connect_executor:connect:connect: grpc_utils::endpoint::connect: close time.busy=223µs time.idle=74.0µs
2025-06-20T10:31:31.991723Z  INFO run_lifecycler:run_service_and_step_through_lifecycle:step_through_lifecycle:connect_executor:connect: lifecycler::executor_client: close time.busy=307µs time.idle=72.9µs
2025-06-20T10:31:31.991775Z  INFO run_lifecycler:run_service_and_step_through_lifecycle:step_through_lifecycle:connect_executor:connect:connect: grpc_utils::endpoint::connect: Connecting to gRPC service endpoint=Uds("/tmp/azureml/cr/j/4a5bc1ada79f4f519de1c6dcf701f5a3/.grpc/executor:0") retry=FixedIntervalRetry { attempt_timeout_millis: 50, retry_delay_millis: 10, max_duration: 7200s }
2025-06-20T10:31:31.991937Z  INFO run_lifecycler:run_service_and_step_through_lifecycle:step_through_lifecycle:connect_executor:connect:connect: grpc_utils::endpoint::connect: Successfully connected to gRPC service endpoint=Uds("/tmp/azureml/cr/j/4a5bc1ada79f4f519de1c6dcf701f5a3/.grpc/executor:0")
2025-06-20T10:31:31.991967Z  INFO run_lifecycler:run_service_and_step_through_lifecycle:step_through_lifecycle:connect_executor:connect:connect: grpc_utils::endpoint::connect: close time.busy=111µs time.idle=82.4µs
2025-06-20T10:31:31.991982Z  INFO run_lifecycler:run_service_and_step_through_lifecycle:step_through_lifecycle:connect_executor:connect: lifecycler::executor_client: close time.busy=174µs time.idle=81.0µs
2025-06-20T10:31:31.992060Z  INFO run_lifecycler:run_service_and_step_through_lifecycle:step_through_lifecycle:connect_executor:connect: grpc_utils::endpoint::connect: Connecting to gRPC service endpoint=Uds("/tmp/azureml/cr/j/4a5bc1ada79f4f519de1c6dcf701f5a3/.grpc/executor:0") retry=FixedIntervalRetry { attempt_timeout_millis: 50, retry_delay_millis: 10, max_duration: 7200s }
2025-06-20T10:31:31.992523Z  INFO run_lifecycler:run_service_and_step_through_lifecycle:step_through_lifecycle:connect_executor:connect: grpc_utils::endpoint::connect: Successfully connected to gRPC service endpoint=Uds("/tmp/azureml/cr/j/4a5bc1ada79f4f519de1c6dcf701f5a3/.grpc/executor:0")
2025-06-20T10:31:31.992572Z  INFO run_lifecycler:run_service_and_step_through_lifecycle:step_through_lifecycle:connect_executor:connect: grpc_utils::endpoint::connect: close time.busy=317µs time.idle=197µs
2025-06-20T10:31:31.992601Z  INFO run_lifecycler:run_service_and_step_through_lifecycle:step_through_lifecycle:connect_executor:wait_for_service_healthy: lifecycler::health_monitor: Waiting for service to become healthy: Executor service_name=Executor timeout=30s
2025-06-20T10:31:31.992628Z  WARN run_lifecycler:run_service_and_step_through_lifecycle:step_through_lifecycle:connect_executor:wait_for_service_healthy: grpc_utils::span: failed to inject span context to grpc request
2025-06-20T10:31:31.993285Z  INFO run_lifecycler:run_service_and_step_through_lifecycle:step_through_lifecycle:connect_executor:wait_for_service_healthy: lifecycler::health_client: Health status for service: Executor service_name=Executor health_status=1
2025-06-20T10:31:31.993310Z  INFO run_lifecycler:run_service_and_step_through_lifecycle:step_through_lifecycle:connect_executor:wait_for_service_healthy: lifecycler::health_monitor: Service has become healthy service_name=Executor
2025-06-20T10:31:31.993325Z  INFO run_lifecycler:run_service_and_step_through_lifecycle:step_through_lifecycle:connect_executor:wait_for_service_healthy: lifecycler::health_monitor: close time.busy=140µs time.idle=590µs
2025-06-20T10:31:31.993339Z  INFO run_lifecycler:run_service_and_step_through_lifecycle:step_through_lifecycle:connect_executor: lifecycler::lifecycle: close time.busy=1.05ms time.idle=953µs
2025-06-20T10:31:31.993351Z  INFO run_lifecycler:run_service_and_step_through_lifecycle:step_through_lifecycle:connect_lifecyclers{lifecycler_addresses=None}: lifecycler::lifecycle: close time.busy=600ns time.idle=3.29µs
2025-06-20T10:31:31.993395Z  INFO run_lifecycler:run_service_and_step_through_lifecycle:step_through_lifecycle:execute: lifecycler::lifecycle: entering phase rank=Some(0) phase=0 is_leader=true entered_phases=false
2025-06-20T10:31:31.993415Z  INFO run_lifecycler:run_service_and_step_through_lifecycle:step_through_lifecycle:execute:barrier_sync: lifecycler::lifecycle: close time.busy=310ns time.idle=1.64µs
2025-06-20T10:31:31.993470Z  INFO run_lifecycler:run_service_and_step_through_lifecycle:step_through_lifecycle:execute: lifecycler::lifecycle: Successfully got AzureML Context from environment, updating Run History with new run attempt
2025-06-20T10:31:31.993484Z  WARN run_lifecycler:run_service_and_step_through_lifecycle:step_through_lifecycle:execute: lifecycler::lifecycle: Skip updating run_attempt since cannot find AZUREML_CR_ENABLE_RUN_ATTEMPT_COUNT_BY_RUN_HISTORY from environment
2025-06-20T10:31:31.993506Z  INFO run_lifecycler:run_service_and_step_through_lifecycle:step_through_lifecycle:execute: lifecycler::lifecycle: starting phase execution rank=Some(0) phase=0
2025-06-20T10:31:31.993521Z  INFO run_lifecycler:run_service_and_step_through_lifecycle:step_through_lifecycle:execute: lifecycler::lifecycle: executing phase commands rank=Some(0) phase=0
2025-06-20T10:31:31.993541Z  INFO run_lifecycler:run_service_and_step_through_lifecycle:step_through_lifecycle:execute:executor_client::execute_commands{lifecycle_address="/tmp/azureml/cr/j/4a5bc1ada79f4f519de1c6dcf701f5a3/.grpc/lifecycler:0" scheduling=None debug_mode=None}: lifecycler::executor_client: Executing commands
2025-06-20T10:31:31.993577Z  WARN run_lifecycler:run_service_and_step_through_lifecycle:step_through_lifecycle:execute:executor_client::execute_commands{lifecycle_address="/tmp/azureml/cr/j/4a5bc1ada79f4f519de1c6dcf701f5a3/.grpc/lifecycler:0" scheduling=None debug_mode=None}:executor_client::start_execution{lifecycler_address="/tmp/azureml/cr/j/4a5bc1ada79f4f519de1c6dcf701f5a3/.grpc/lifecycler:0" debug_mode=None commands_f=Command(Command { executable: Shell { path: None, command: "set -o pipefail; source /amlarc-scripts/bootstrap_common_runtime.sh 2>&1", success_return_code: Zero { additional_codes: [] } }, stderr: None, stdout: Some("user_logs/bootstrap_${AZUREML_CR_NODE_RANK}.txt") }) path_mappings_f={}}: grpc_utils::span: failed to inject span context to grpc request
2025-06-20T10:31:31.993594Z  INFO run_lifecycler:run_service_and_step_through_lifecycle:step_through_lifecycle:execute:executor_client::execute_commands{lifecycle_address="/tmp/azureml/cr/j/4a5bc1ada79f4f519de1c6dcf701f5a3/.grpc/lifecycler:0" scheduling=None debug_mode=None}:executor_client::start_execution{lifecycler_address="/tmp/azureml/cr/j/4a5bc1ada79f4f519de1c6dcf701f5a3/.grpc/lifecycler:0" debug_mode=None commands_f=Command(Command { executable: Shell { path: None, command: "set -o pipefail; source /amlarc-scripts/bootstrap_common_runtime.sh 2>&1", success_return_code: Zero { additional_codes: [] } }, stderr: None, stdout: Some("user_logs/bootstrap_${AZUREML_CR_NODE_RANK}.txt") }) path_mappings_f={}}: lifecycler::executor_client: Starting execution execution_id=da85d9dd-ee95-441f-9f3a-3b3cd5aec00b lifecycler_address=/tmp/azureml/cr/j/4a5bc1ada79f4f519de1c6dcf701f5a3/.grpc/lifecycler:0
2025-06-20T10:31:32.001251Z  INFO run_lifecycler:run_service_and_step_through_lifecycle:step_through_lifecycle:execute:executor_client::execute_commands{lifecycle_address="/tmp/azureml/cr/j/4a5bc1ada79f4f519de1c6dcf701f5a3/.grpc/lifecycler:0" scheduling=None debug_mode=None}:executor_client::start_execution{lifecycler_address="/tmp/azureml/cr/j/4a5bc1ada79f4f519de1c6dcf701f5a3/.grpc/lifecycler:0" debug_mode=None commands_f=Command(Command { executable: Shell { path: None, command: "set -o pipefail; source /amlarc-scripts/bootstrap_common_runtime.sh 2>&1", success_return_code: Zero { additional_codes: [] } }, stderr: None, stdout: Some("user_logs/bootstrap_${AZUREML_CR_NODE_RANK}.txt") }) path_mappings_f={}}: lifecycler::executor_client: close time.busy=94.0µs time.idle=7.60ms
2025-06-20T10:31:32.001274Z  INFO run_lifecycler:run_service_and_step_through_lifecycle:step_through_lifecycle:execute:executor_client::execute_commands{lifecycle_address="/tmp/azureml/cr/j/4a5bc1ada79f4f519de1c6dcf701f5a3/.grpc/lifecycler:0" scheduling=None debug_mode=None}: lifecycler::executor_client: Waiting for execution completion execution_id="da85d9dd-ee95-441f-9f3a-3b3cd5aec00b"
2025-06-20T10:31:32.012822Z  INFO ExecutionCallbackServicer::complete_execution: grpc_utils::server: Got grpc request request_name="complete_execution" remote_addr=None
2025-06-20T10:31:32.012870Z  INFO ExecutionCallbackServicer::complete_execution: lifecycler::service: close time.busy=55.0µs time.idle=12.9µs
2025-06-20T10:31:32.012879Z  INFO run_lifecycler:run_service_and_step_through_lifecycle:step_through_lifecycle:execute:executor_client::execute_commands{lifecycle_address="/tmp/azureml/cr/j/4a5bc1ada79f4f519de1c6dcf701f5a3/.grpc/lifecycler:0" scheduling=None debug_mode=None}:executor_client::wait_for_execution_completion{execution_id="da85d9dd-ee95-441f-9f3a-3b3cd5aec00b"}: lifecycler::executor_client: close time.busy=2.21µs time.idle=11.6ms
2025-06-20T10:31:32.012896Z  INFO run_lifecycler:run_service_and_step_through_lifecycle:step_through_lifecycle:execute:executor_client::execute_commands{lifecycle_address="/tmp/azureml/cr/j/4a5bc1ada79f4f519de1c6dcf701f5a3/.grpc/lifecycler:0" scheduling=None debug_mode=None}: lifecycler::executor_client: Execution completed execution_id="da85d9dd-ee95-441f-9f3a-3b3cd5aec00b"
2025-06-20T10:31:32.012915Z  INFO run_lifecycler:run_service_and_step_through_lifecycle:step_through_lifecycle:execute:executor_client::execute_commands{lifecycle_address="/tmp/azureml/cr/j/4a5bc1ada79f4f519de1c6dcf701f5a3/.grpc/lifecycler:0" scheduling=None debug_mode=None}: lifecycler::executor_client: close time.busy=197µs time.idle=19.2ms
2025-06-20T10:31:32.012923Z  INFO run_lifecycler:run_service_and_step_through_lifecycle:step_through_lifecycle:execute: lifecycler::lifecycle: phase execution completed. rank=Some(0) phase=0
2025-06-20T10:31:32.012947Z  INFO run_lifecycler:run_service_and_step_through_lifecycle:step_through_lifecycle:execute: lifecycler::lifecycle: entering phase rank=Some(0) phase=1 is_leader=true entered_phases=true
2025-06-20T10:31:32.012966Z  INFO run_lifecycler:run_service_and_step_through_lifecycle:step_through_lifecycle:execute:barrier_sync: lifecycler::lifecycle: close time.busy=250ns time.idle=2.24µs
2025-06-20T10:31:32.012993Z  INFO run_lifecycler:run_service_and_step_through_lifecycle:step_through_lifecycle:execute: lifecycler::lifecycle: starting phase execution rank=Some(0) phase=1
2025-06-20T10:31:32.013016Z  INFO run_lifecycler:run_service_and_step_through_lifecycle:step_through_lifecycle:execute: lifecycler::lifecycle: executing phase commands rank=Some(0) phase=1
2025-06-20T10:31:32.013047Z  INFO run_lifecycler:run_service_and_step_through_lifecycle:step_through_lifecycle:execute:executor_client::execute_commands{lifecycle_address="/tmp/azureml/cr/j/4a5bc1ada79f4f519de1c6dcf701f5a3/.grpc/lifecycler:0" scheduling=None debug_mode=None}: lifecycler::executor_client: Executing commands
2025-06-20T10:31:32.013085Z  WARN run_lifecycler:run_service_and_step_through_lifecycle:step_through_lifecycle:execute:executor_client::execute_commands{lifecycle_address="/tmp/azureml/cr/j/4a5bc1ada79f4f519de1c6dcf701f5a3/.grpc/lifecycler:0" scheduling=None debug_mode=None}:executor_client::start_execution{lifecycler_address="/tmp/azureml/cr/j/4a5bc1ada79f4f519de1c6dcf701f5a3/.grpc/lifecycler:0" debug_mode=None commands_f=Command(Command { executable: Shell { path: None, command: "\npython evaluate.py --model_dir $AZUREML_DATAREFERENCE_model_dir --test_texts $AZUREML_DATAREFERENCE_test_texts --test_labels $AZUREML_DATAREFERENCE_test_labels --output_metrics $AZURE_ML_OUTPUT_metrics_json", success_return_code: Zero { additional_codes: [] } }, stderr: None, stdout: Some("user_logs/std_log.txt") }) path_mappings_f={}}: grpc_utils::span: failed to inject span context to grpc request
2025-06-20T10:31:32.013099Z  INFO run_lifecycler:run_service_and_step_through_lifecycle:step_through_lifecycle:execute:executor_client::execute_commands{lifecycle_address="/tmp/azureml/cr/j/4a5bc1ada79f4f519de1c6dcf701f5a3/.grpc/lifecycler:0" scheduling=None debug_mode=None}:executor_client::start_execution{lifecycler_address="/tmp/azureml/cr/j/4a5bc1ada79f4f519de1c6dcf701f5a3/.grpc/lifecycler:0" debug_mode=None commands_f=Command(Command { executable: Shell { path: None, command: "\npython evaluate.py --model_dir $AZUREML_DATAREFERENCE_model_dir --test_texts $AZUREML_DATAREFERENCE_test_texts --test_labels $AZUREML_DATAREFERENCE_test_labels --output_metrics $AZURE_ML_OUTPUT_metrics_json", success_return_code: Zero { additional_codes: [] } }, stderr: None, stdout: Some("user_logs/std_log.txt") }) path_mappings_f={}}: lifecycler::executor_client: Starting execution execution_id=48ae3742-b6eb-43f7-b5ab-b5c9c5c1138c lifecycler_address=/tmp/azureml/cr/j/4a5bc1ada79f4f519de1c6dcf701f5a3/.grpc/lifecycler:0
2025-06-20T10:31:32.018045Z  INFO run_lifecycler:run_service_and_step_through_lifecycle:step_through_lifecycle:execute:executor_client::execute_commands{lifecycle_address="/tmp/azureml/cr/j/4a5bc1ada79f4f519de1c6dcf701f5a3/.grpc/lifecycler:0" scheduling=None debug_mode=None}:executor_client::start_execution{lifecycler_address="/tmp/azureml/cr/j/4a5bc1ada79f4f519de1c6dcf701f5a3/.grpc/lifecycler:0" debug_mode=None commands_f=Command(Command { executable: Shell { path: None, command: "\npython evaluate.py --model_dir $AZUREML_DATAREFERENCE_model_dir --test_texts $AZUREML_DATAREFERENCE_test_texts --test_labels $AZUREML_DATAREFERENCE_test_labels --output_metrics $AZURE_ML_OUTPUT_metrics_json", success_return_code: Zero { additional_codes: [] } }, stderr: None, stdout: Some("user_logs/std_log.txt") }) path_mappings_f={}}: lifecycler::executor_client: close time.busy=90.0µs time.idle=4.89ms
2025-06-20T10:31:32.018055Z  INFO run_lifecycler:run_service_and_step_through_lifecycle:step_through_lifecycle:execute:executor_client::execute_commands{lifecycle_address="/tmp/azureml/cr/j/4a5bc1ada79f4f519de1c6dcf701f5a3/.grpc/lifecycler:0" scheduling=None debug_mode=None}: lifecycler::executor_client: Waiting for execution completion execution_id="48ae3742-b6eb-43f7-b5ab-b5c9c5c1138c"
2025-06-20T10:32:01.816423Z  WARN grpc_utils::span: failed to inject span context to grpc request
2025-06-20T10:32:01.816587Z  WARN grpc_utils::span: failed to inject span context to grpc request
2025-06-20T10:32:01.816606Z  WARN grpc_utils::span: failed to inject span context to grpc request
2025-06-20T10:32:01.816617Z  WARN grpc_utils::span: failed to inject span context to grpc request
2025-06-20T10:32:01.816628Z  WARN grpc_utils::span: failed to inject span context to grpc request
2025-06-20T10:32:37.302316Z  INFO ExecutionCallbackServicer::complete_execution: grpc_utils::server: Got grpc request request_name="complete_execution" remote_addr=None
2025-06-20T10:32:37.302366Z  INFO ExecutionCallbackServicer::complete_execution: lifecycler::service: close time.busy=55.6µs time.idle=6.05µs
2025-06-20T10:32:37.302403Z  INFO run_lifecycler:run_service_and_step_through_lifecycle:step_through_lifecycle:execute:executor_client::execute_commands{lifecycle_address="/tmp/azureml/cr/j/4a5bc1ada79f4f519de1c6dcf701f5a3/.grpc/lifecycler:0" scheduling=None debug_mode=None}:executor_client::wait_for_execution_completion{execution_id="48ae3742-b6eb-43f7-b5ab-b5c9c5c1138c"}: lifecycler::executor_client: close time.busy=5.04µs time.idle=65.3s
2025-06-20T10:32:37.302436Z  INFO run_lifecycler:run_service_and_step_through_lifecycle:step_through_lifecycle:execute:executor_client::execute_commands{lifecycle_address="/tmp/azureml/cr/j/4a5bc1ada79f4f519de1c6dcf701f5a3/.grpc/lifecycler:0" scheduling=None debug_mode=None}: lifecycler::executor_client: Execution completed execution_id="48ae3742-b6eb-43f7-b5ab-b5c9c5c1138c"
2025-06-20T10:32:37.302485Z  INFO run_lifecycler:run_service_and_step_through_lifecycle:step_through_lifecycle:execute:executor_client::execute_commands{lifecycle_address="/tmp/azureml/cr/j/4a5bc1ada79f4f519de1c6dcf701f5a3/.grpc/lifecycler:0" scheduling=None debug_mode=None}: lifecycler::executor_client: close time.busy=221µs time.idle=65.3s
2025-06-20T10:32:37.302501Z  INFO run_lifecycler:run_service_and_step_through_lifecycle:step_through_lifecycle:execute: lifecycler::lifecycle: phase execution completed. rank=Some(0) phase=1
2025-06-20T10:32:37.302542Z  INFO run_lifecycler:run_service_and_step_through_lifecycle:step_through_lifecycle:execute: lifecycler::lifecycle: close time.busy=792µs time.idle=65.3s
2025-06-20T10:32:37.302581Z  WARN run_lifecycler:run_service_and_step_through_lifecycle:step_through_lifecycle:end_service_capabilities:end{name="CS_CAPABILITY"}: grpc_utils::span: failed to inject span context to grpc request
2025-06-20T10:32:37.302613Z  WARN run_lifecycler:run_service_and_step_through_lifecycle:step_through_lifecycle:end_service_capabilities:end{name="DATA_CAPABILITY"}: grpc_utils::span: failed to inject span context to grpc request
2025-06-20T10:32:37.302632Z  WARN run_lifecycler:run_service_and_step_through_lifecycle:step_through_lifecycle:end_service_capabilities:end{name="HOSTTOOLS_CAPABILITY"}: grpc_utils::span: failed to inject span context to grpc request
2025-06-20T10:32:37.302651Z  WARN run_lifecycler:run_service_and_step_through_lifecycle:step_through_lifecycle:end_service_capabilities:end{name="SNAPSHOT_CAPABILITY"}: grpc_utils::span: failed to inject span context to grpc request
2025-06-20T10:32:37.303153Z  INFO run_lifecycler:run_service_and_step_through_lifecycle:step_through_lifecycle:end_service_capabilities:end{name="SNAPSHOT_CAPABILITY"}: lifecycler::capability_client: Received success code for end cap_name=SNAPSHOT_CAPABILITY
2025-06-20T10:32:37.303177Z  INFO run_lifecycler:run_service_and_step_through_lifecycle:step_through_lifecycle:end_service_capabilities:end{name="SNAPSHOT_CAPABILITY"}: lifecycler::capability_client: close time.busy=79.9µs time.idle=448µs
2025-06-20T10:32:37.304561Z  INFO run_lifecycler:run_service_and_step_through_lifecycle:step_through_lifecycle:end_service_capabilities:end{name="CS_CAPABILITY"}: lifecycler::capability_client: Received success code for end cap_name=CS_CAPABILITY
2025-06-20T10:32:37.304591Z  INFO run_lifecycler:run_service_and_step_through_lifecycle:step_through_lifecycle:end_service_capabilities:end{name="CS_CAPABILITY"}: lifecycler::capability_client: close time.busy=85.7µs time.idle=1.93ms
